<?xml version="1.0" encoding="UTF-8"?>
<testsuites name="Ice Training App" time="698" tests="8" failures="0" errors="0">
   <testsuite name="Ice Training App" tests="8" failures="0" errors="0" time="698" timestamp="2018-11-05 15:37:19" hostname="Fahad Shah - DESKTOP-L12UUAD" id="Test Suites/Ice Training App">
      <properties>
         <property name="deviceName" value="samsung SM-J110H (Android 4.4.4)"/>
         <property name="devicePlatform" value=""/>
         <property name="logFolder" value="F:\\Git Projects\\Ice-Training\\Ice-Training\\Reports\\Ice Training App\\20181105_153717"/>
         <property name="logFiles" value="F:\\Git Projects\\Ice-Training\\Ice-Training\\Reports\\Ice Training App\\20181105_153717\\appium.log, F:\\Git Projects\\Ice-Training\\Ice-Training\\Reports\\Ice Training App\\20181105_153717\\execution0.log"/>
         <property name="attachments" value=""/>
         <property name="hostName" value="Fahad Shah - DESKTOP-L12UUAD"/>
         <property name="os" value="Windows 10 64bit"/>
         <property name="katalonVersion" value="5.8.0.1"/>
         <property name="deviceOS" value="Android"/>
         <property name="appiumVersion" value="1.8.1"/>
         <property name="deviceModel" value="SM-J110H"/>
         <property name="hostAddress" value="192.168.3.221"/>
         <property name="deviceManufacturer" value="samsung"/>
         <property name="deviceId" value="11015a1136d0b24a"/>
         <property name="deviceName" value="samsung SM-J110H (Android 4.4.4)"/>
         <property name="deviceOSVersion" value="4.4.4"/>
      </properties>
      <testcase name="Test Cases/LaunchingApp/LaunchApp" classname="Test Cases/LaunchingApp/LaunchApp" status="PASSED">
         <system-out><![CDATA[2018-11-05 15:37:20 - [TEST_CASE][PASSED] - Test Cases/LaunchingApp/LaunchApp: Test Cases/LaunchingApp/LaunchApp

2018-11-05 15:37:21 - [TEST_STEP][PASSED] - startApplication: Started app at: 'F:\QA_Automation\Builds\ice_training_app_local_310518.apk'

2018-11-05 15:37:41 - [MESSAGE][PASSED] - Started app at: 'F:\QA_Automation\Builds\ice_training_app_local_310518.apk'

2018-11-05 15:37:41 - [TEST_STEP][PASSED] - delay: Delayed 5 second(s)

2018-11-05 15:37:46 - [MESSAGE][PASSED] - Delayed 5 second(s)]]></system-out>
         <system-err><![CDATA[]]></system-err>
      </testcase>
      <testcase name="Test Cases/CompetencyTraining/VisitCompetencyTraining" classname="Test Cases/CompetencyTraining/VisitCompetencyTraining" status="PASSED">
         <system-out><![CDATA[2018-11-05 15:37:46 - [TEST_CASE][PASSED] - Test Cases/CompetencyTraining/VisitCompetencyTraining: Test Cases/CompetencyTraining/VisitCompetencyTraining

2018-11-05 15:37:47 - [TEST_STEP][PASSED] - verifyElementExist: Element 'Object Repository/MainScreenEelements/Validate_ApplicationMainScreen' is exist

2018-11-05 15:37:47 - [MESSAGE][WARNING] - Timeout '0' is invalid. Using default page load timeout: '100'

2018-11-05 15:37:48 - [MESSAGE][PASSED] - Element 'Object Repository/MainScreenEelements/Validate_ApplicationMainScreen' is exist

2018-11-05 15:37:48 - [TEST_STEP][PASSED] - tap: Tapped on element 'Object Repository/MainScreenEelements/CompetencyTraining'

2018-11-05 15:37:48 - [MESSAGE][WARNING] - Timeout '0' is invalid. Using default page load timeout: '100'

2018-11-05 15:37:49 - [MESSAGE][PASSED] - Tapped on element 'Object Repository/MainScreenEelements/CompetencyTraining'

2018-11-05 15:37:49 - [TEST_STEP][PASSED] - verifyElementExist: Element 'Object Repository/CompetencyTraining/Validate_DistributionProductScreen' is exist

2018-11-05 15:37:49 - [MESSAGE][WARNING] - Timeout '0' is invalid. Using default page load timeout: '100'

2018-11-05 15:37:50 - [MESSAGE][PASSED] - Element 'Object Repository/CompetencyTraining/Validate_DistributionProductScreen' is exist

2018-11-05 15:37:50 - [TEST_STEP][PASSED] - tap: Tapped on element 'Object Repository/CompetencyTraining/DistributionProduct'

2018-11-05 15:37:50 - [MESSAGE][WARNING] - Timeout '0' is invalid. Using default page load timeout: '100'

2018-11-05 15:37:51 - [MESSAGE][PASSED] - Tapped on element 'Object Repository/CompetencyTraining/DistributionProduct'

2018-11-05 15:37:51 - [TEST_STEP][PASSED] - verifyElementText: Actual text and expected text of test object 'Object Repository/CompetencyTraining/Validate_DSFScreen' are matched.

2018-11-05 15:37:51 - [MESSAGE][PASSED] - Actual text and expected text of test object 'Object Repository/CompetencyTraining/Validate_DSFScreen' are matched.

2018-11-05 15:37:51 - [TEST_STEP][PASSED] - tap: Tapped on element 'Object Repository/CompetencyTraining/DSF'

2018-11-05 15:37:51 - [MESSAGE][WARNING] - Timeout '0' is invalid. Using default page load timeout: '100'

2018-11-05 15:37:52 - [MESSAGE][PASSED] - Tapped on element 'Object Repository/CompetencyTraining/DSF'

2018-11-05 15:37:52 - [TEST_STEP][PASSED] - verifyElementText: Actual text and expected text of test object 'Object Repository/CompetencyTraining/Validate_ProgramsScreen' are matched.

2018-11-05 15:37:58 - [MESSAGE][PASSED] - Actual text and expected text of test object 'Object Repository/CompetencyTraining/Validate_ProgramsScreen' are matched.

2018-11-05 15:37:58 - [TEST_STEP][PASSED] - tap: Tapped on element 'Object Repository/CompetencyTraining/Program'

2018-11-05 15:37:58 - [MESSAGE][WARNING] - Timeout '0' is invalid. Using default page load timeout: '100'

2018-11-05 15:37:59 - [MESSAGE][PASSED] - Tapped on element 'Object Repository/CompetencyTraining/Program'

2018-11-05 15:37:59 - [TEST_STEP][PASSED] - verifyElementText: Actual text and expected text of test object 'Object Repository/CompetencyTraining/Validate_ShopsListScreen' are matched.

2018-11-05 15:38:00 - [MESSAGE][PASSED] - Actual text and expected text of test object 'Object Repository/CompetencyTraining/Validate_ShopsListScreen' are matched.

2018-11-05 15:38:00 - [TEST_STEP][PASSED] - com.ct.qa.keywords.CompetiencyTraining.visitShop: com.ct.qa.keywords.CompetiencyTraining.visitShop is PASSED

2018-11-05 15:38:02 - [MESSAGE][PASSED] - Actual text and expected text of test object 'Object Repository/CompetencyTraining/Validate_StartTrainingStepsScreen' are matched.

2018-11-05 15:38:02 - [MESSAGE][WARNING] - Timeout '0' is invalid. Using default page load timeout: '100'

2018-11-05 15:38:04 - [MESSAGE][PASSED] - Tapped on element 'Object Repository/CompetencyTraining/TakeShopFasciaPicture_ImageView'

2018-11-05 15:38:04 - [MESSAGE][WARNING] - Timeout '0' is invalid. Using default page load timeout: '100'

2018-11-05 15:38:05 - [MESSAGE][PASSED] - Element 'Object Repository/CommonElements/Validate_CameraScreen' is exist

2018-11-05 15:38:05 - [MESSAGE][WARNING] - Timeout '0' is invalid. Using default page load timeout: '100'

2018-11-05 15:38:08 - [MESSAGE][PASSED] - Tapped on element 'Object Repository/CommonElements/TakePhotoButton'

2018-11-05 15:38:13 - [MESSAGE][PASSED] - Delayed 5 second(s)

2018-11-05 15:38:13 - [MESSAGE][WARNING] - Timeout '0' is invalid. Using default page load timeout: '100'

2018-11-05 15:38:14 - [MESSAGE][PASSED] - Tapped on element 'Object Repository/CommonElements/DoneButton'

2018-11-05 15:38:15 - [MESSAGE][PASSED] - Actual text and expected text of test object 'Object Repository/CompetencyTraining/Validate_StartTrainingStepsScreen' are matched.

2018-11-05 15:38:15 - [MESSAGE][WARNING] - Timeout '0' is invalid. Using default page load timeout: '100'

2018-11-05 15:38:15 - [MESSAGE][PASSED] - Tapped on element 'Object Repository/CompetencyTraining/VisitShop'

2018-11-05 15:38:15 - [TEST_CASE][PASSED] - Test Cases/CompetencyTraining/VisitTraining: Test Cases/CompetencyTraining/VisitTraining

2018-11-05 15:38:15 - [TEST_STEP][PASSED] - verifyElementText: Actual text and expected text of test object 'Object Repository/CompetencyTraining/Validate_TrainingStepsScreen' are matched.

2018-11-05 15:38:18 - [MESSAGE][PASSED] - Actual text and expected text of test object 'Object Repository/CompetencyTraining/Validate_TrainingStepsScreen' are matched.

2018-11-05 15:38:18 - [TEST_STEP][PASSED] - com.ct.qa.keywords.CompetiencyTraining.visitTrainingSteps: com.ct.qa.keywords.CompetiencyTraining.visitTrainingSteps is PASSED

2018-11-05 15:38:19 - [TEST_CASE][PASSED] - Test Cases/CompetencyTraining/VisitRatingOnIceSteps: Test Cases/CompetencyTraining/VisitRatingOnIceSteps

2018-11-05 15:38:19 - [TEST_STEP][PASSED] - verifyElementText: Actual text and expected text of test object 'Object Repository/CompetencyTraining/Validate_RateDSFScreen' are matched.

2018-11-05 15:38:21 - [MESSAGE][PASSED] - Actual text and expected text of test object 'Object Repository/CompetencyTraining/Validate_RateDSFScreen' are matched.

2018-11-05 15:38:21 - [TEST_STEP][PASSED] - com.ct.qa.keywords.CompetiencyTraining.visitRatingOnIceSteps: com.ct.qa.keywords.CompetiencyTraining.visitRatingOnIceSteps is PASSED

2018-11-05 15:38:32 - [MESSAGE][PASSED] - com.ct.qa.keywords.CompetiencyTraining.visitRatingOnIceSteps is PASSED

2018-11-05 15:38:32 - [TEST_STEP][PASSED] - pressBack: Press back button successfully

2018-11-05 15:38:33 - [MESSAGE][PASSED] - Press back button successfully

2018-11-05 15:38:33 - [TEST_STEP][PASSED] - verifyElementText: Actual text and expected text of test object 'Object Repository/CompetencyTraining/Validate_TrainingStepsScreen' are matched.

2018-11-05 15:38:34 - [MESSAGE][PASSED] - Actual text and expected text of test object 'Object Repository/CompetencyTraining/Validate_TrainingStepsScreen' are matched.

2018-11-05 15:38:34 - [MESSAGE][PASSED] - Call Test Case 'Test Cases/CompetencyTraining/VisitRatingOnIceSteps' successfully

2018-11-05 15:38:34 - [TEST_CASE][PASSED] - Test Cases/CompetencyTraining/VisitFieldSalesCoaching: Test Cases/CompetencyTraining/VisitFieldSalesCoaching

2018-11-05 15:38:34 - [TEST_STEP][PASSED] - verifyElementText: Actual text and expected text of test object 'Object Repository/CompetencyTraining/Validate_FieldSalesCoachingScreen' are matched.

2018-11-05 15:38:36 - [MESSAGE][PASSED] - Actual text and expected text of test object 'Object Repository/CompetencyTraining/Validate_FieldSalesCoachingScreen' are matched.

2018-11-05 15:38:36 - [TEST_STEP][PASSED] - tap: Tapped on element 'Object Repository/CompetencyTraining/FieldSalesCoachingTakePicture_ImageView'

2018-11-05 15:38:36 - [MESSAGE][WARNING] - Timeout '0' is invalid. Using default page load timeout: '100'

2018-11-05 15:38:37 - [MESSAGE][PASSED] - Tapped on element 'Object Repository/CompetencyTraining/FieldSalesCoachingTakePicture_ImageView'

2018-11-05 15:38:37 - [TEST_STEP][PASSED] - verifyElementExist: Element 'Object Repository/CommonElements/Validate_CameraScreen' is exist

2018-11-05 15:38:37 - [MESSAGE][WARNING] - Timeout '0' is invalid. Using default page load timeout: '100'

2018-11-05 15:38:38 - [MESSAGE][PASSED] - Element 'Object Repository/CommonElements/Validate_CameraScreen' is exist

2018-11-05 15:38:38 - [TEST_STEP][PASSED] - tap: Tapped on element 'Object Repository/CommonElements/TakePhotoButton'

2018-11-05 15:38:38 - [MESSAGE][WARNING] - Timeout '0' is invalid. Using default page load timeout: '100'

2018-11-05 15:38:41 - [MESSAGE][PASSED] - Tapped on element 'Object Repository/CommonElements/TakePhotoButton'

2018-11-05 15:38:41 - [TEST_STEP][PASSED] - delay: Delayed 5 second(s)

2018-11-05 15:38:46 - [MESSAGE][PASSED] - Delayed 5 second(s)

2018-11-05 15:38:46 - [TEST_STEP][PASSED] - tap: Tapped on element 'Object Repository/CommonElements/DoneButton'

2018-11-05 15:38:46 - [MESSAGE][WARNING] - Timeout '0' is invalid. Using default page load timeout: '100'

2018-11-05 15:38:48 - [MESSAGE][PASSED] - Tapped on element 'Object Repository/CommonElements/DoneButton'

2018-11-05 15:38:48 - [TEST_STEP][PASSED] - verifyElementText: Actual text and expected text of test object 'Object Repository/CompetencyTraining/Validate_FieldSalesCoachingScreen' are matched.

2018-11-05 15:38:49 - [MESSAGE][PASSED] - Actual text and expected text of test object 'Object Repository/CompetencyTraining/Validate_FieldSalesCoachingScreen' are matched.

2018-11-05 15:38:49 - [TEST_STEP][PASSED] - pressBack: Press back button successfully

2018-11-05 15:38:49 - [MESSAGE][PASSED] - Press back button successfully

2018-11-05 15:38:49 - [TEST_STEP][PASSED] - verifyElementText: Actual text and expected text of test object 'Object Repository/CompetencyTraining/Validate_TrainingStepsScreen' are matched.

2018-11-05 15:38:50 - [MESSAGE][PASSED] - Actual text and expected text of test object 'Object Repository/CompetencyTraining/Validate_TrainingStepsScreen' are matched.

2018-11-05 15:38:50 - [MESSAGE][PASSED] - Call Test Case 'Test Cases/CompetencyTraining/VisitFieldSalesCoaching' successfully

2018-11-05 15:38:50 - [TEST_CASE][PASSED] - Test Cases/CompetencyTraining/VisitCapturingPictureOfSuccess: Test Cases/CompetencyTraining/VisitCapturingPictureOfSuccess

2018-11-05 15:38:50 - [TEST_STEP][PASSED] - verifyElementExist: Element 'Object Repository/CompetencyTraining/Validate_PictureOfSuccessDetailScreen' is exist

2018-11-05 15:38:50 - [MESSAGE][WARNING] - Timeout '0' is invalid. Using default page load timeout: '100'

2018-11-05 15:38:52 - [MESSAGE][PASSED] - Element 'Object Repository/CompetencyTraining/Validate_PictureOfSuccessDetailScreen' is exist

2018-11-05 15:38:52 - [TEST_STEP][PASSED] - com.ct.qa.keywords.CompetiencyTraining.takePictureOfSuccess: com.ct.qa.keywords.CompetiencyTraining.takePictureOfSuccess is PASSED

2018-11-05 15:38:54 - [MESSAGE][WARNING] - Timeout '0' is invalid. Using default page load timeout: '100'

2018-11-05 15:38:55 - [MESSAGE][PASSED] - Element 'Object Repository/CommonElements/Validate_CameraScreen' is exist

2018-11-05 15:38:55 - [MESSAGE][WARNING] - Timeout '0' is invalid. Using default page load timeout: '100'

2018-11-05 15:38:58 - [MESSAGE][PASSED] - Tapped on element 'Object Repository/CommonElements/TakePhotoButton'

2018-11-05 15:39:03 - [MESSAGE][PASSED] - Delayed 5 second(s)

2018-11-05 15:39:03 - [MESSAGE][WARNING] - Timeout '0' is invalid. Using default page load timeout: '100'

2018-11-05 15:39:05 - [MESSAGE][PASSED] - Tapped on element 'Object Repository/CommonElements/DoneButton'

2018-11-05 15:39:08 - [MESSAGE][PASSED] - Swiped from 0,480 to 0,200

2018-11-05 15:39:12 - [MESSAGE][WARNING] - Timeout '0' is invalid. Using default page load timeout: '100'

2018-11-05 15:39:14 - [MESSAGE][PASSED] - Element 'Object Repository/CommonElements/Validate_CameraScreen' is exist

2018-11-05 15:39:14 - [MESSAGE][WARNING] - Timeout '0' is invalid. Using default page load timeout: '100'

2018-11-05 15:39:17 - [MESSAGE][PASSED] - Tapped on element 'Object Repository/CommonElements/TakePhotoButton'

2018-11-05 15:39:22 - [MESSAGE][PASSED] - Delayed 5 second(s)

2018-11-05 15:39:22 - [MESSAGE][WARNING] - Timeout '0' is invalid. Using default page load timeout: '100'

2018-11-05 15:39:24 - [MESSAGE][PASSED] - Tapped on element 'Object Repository/CommonElements/DoneButton'

2018-11-05 15:39:27 - [MESSAGE][PASSED] - Swiped from 0,480 to 0,200

2018-11-05 15:39:32 - [MESSAGE][PASSED] - Swiped from 0,480 to 0,200

2018-11-05 15:39:34 - [MESSAGE][PASSED] - com.ct.qa.keywords.CompetiencyTraining.takePictureOfSuccess is PASSED

2018-11-05 15:39:34 - [TEST_STEP][PASSED] - pressBack: Press back button successfully

2018-11-05 15:39:35 - [MESSAGE][PASSED] - Press back button successfully

2018-11-05 15:39:35 - [TEST_STEP][PASSED] - verifyElementText: Actual text and expected text of test object 'Object Repository/CompetencyTraining/Validate_TrainingStepsScreen' are matched.

2018-11-05 15:39:36 - [MESSAGE][PASSED] - Actual text and expected text of test object 'Object Repository/CompetencyTraining/Validate_TrainingStepsScreen' are matched.

2018-11-05 15:39:36 - [MESSAGE][PASSED] - Call Test Case 'Test Cases/CompetencyTraining/VisitCapturingPictureOfSuccess' successfully

2018-11-05 15:39:36 - [TEST_CASE][PASSED] - Test Cases/CompetencyTraining/VisitMarketIntelligence: Test Cases/CompetencyTraining/VisitMarketIntelligence

2018-11-05 15:39:36 - [TEST_STEP][PASSED] - verifyElementText: Actual text and expected text of test object 'Object Repository/CompetencyTraining/Validate_MarketIntelligenceScreen' are matched.

2018-11-05 15:39:38 - [MESSAGE][PASSED] - Actual text and expected text of test object 'Object Repository/CompetencyTraining/Validate_MarketIntelligenceScreen' are matched.

2018-11-05 15:39:38 - [TEST_STEP][PASSED] - tap: Tapped on element 'Object Repository/CompetencyTraining/MarketIntelligenceTakePicture_ImageView'

2018-11-05 15:39:38 - [MESSAGE][WARNING] - Timeout '0' is invalid. Using default page load timeout: '100'

2018-11-05 15:39:39 - [MESSAGE][PASSED] - Tapped on element 'Object Repository/CompetencyTraining/MarketIntelligenceTakePicture_ImageView'

2018-11-05 15:39:39 - [TEST_STEP][PASSED] - verifyElementExist: Element 'Object Repository/CommonElements/Validate_CameraScreen' is exist

2018-11-05 15:39:39 - [MESSAGE][WARNING] - Timeout '0' is invalid. Using default page load timeout: '100'

2018-11-05 15:39:40 - [MESSAGE][PASSED] - Element 'Object Repository/CommonElements/Validate_CameraScreen' is exist

2018-11-05 15:39:40 - [TEST_STEP][PASSED] - tap: Tapped on element 'Object Repository/CommonElements/TakePhotoButton'

2018-11-05 15:39:40 - [MESSAGE][WARNING] - Timeout '0' is invalid. Using default page load timeout: '100'

2018-11-05 15:39:43 - [MESSAGE][PASSED] - Tapped on element 'Object Repository/CommonElements/TakePhotoButton'

2018-11-05 15:39:43 - [TEST_STEP][PASSED] - tap: Tapped on element 'Object Repository/CommonElements/DoneButton'

2018-11-05 15:39:43 - [MESSAGE][WARNING] - Timeout '0' is invalid. Using default page load timeout: '100'

2018-11-05 15:39:46 - [MESSAGE][PASSED] - Tapped on element 'Object Repository/CommonElements/DoneButton'

2018-11-05 15:39:46 - [TEST_STEP][PASSED] - verifyElementText: Actual text and expected text of test object 'Object Repository/CompetencyTraining/Validate_MarketIntelligenceScreen' are matched.

2018-11-05 15:39:47 - [MESSAGE][PASSED] - Actual text and expected text of test object 'Object Repository/CompetencyTraining/Validate_MarketIntelligenceScreen' are matched.

2018-11-05 15:39:47 - [TEST_STEP][PASSED] - pressBack: Press back button successfully

2018-11-05 15:39:47 - [MESSAGE][PASSED] - Press back button successfully

2018-11-05 15:39:47 - [TEST_STEP][PASSED] - verifyElementText: Actual text and expected text of test object 'Object Repository/CompetencyTraining/Validate_TrainingStepsScreen' are matched.

2018-11-05 15:39:48 - [MESSAGE][PASSED] - Actual text and expected text of test object 'Object Repository/CompetencyTraining/Validate_TrainingStepsScreen' are matched.

2018-11-05 15:39:48 - [MESSAGE][PASSED] - Call Test Case 'Test Cases/CompetencyTraining/VisitMarketIntelligence' successfully

2018-11-05 15:39:48 - [TEST_CASE][PASSED] - Test Cases/CompetencyTraining/VisitRemarks: Test Cases/CompetencyTraining/VisitRemarks

2018-11-05 15:39:48 - [TEST_STEP][PASSED] - verifyElementText: Actual text and expected text of test object 'Object Repository/CompetencyTraining/Validate_RemarksScreen' are matched.

2018-11-05 15:39:50 - [MESSAGE][PASSED] - Actual text and expected text of test object 'Object Repository/CompetencyTraining/Validate_RemarksScreen' are matched.

2018-11-05 15:39:50 - [TEST_STEP][PASSED] - setText: Text 'Remarks' has been set to element 'Object Repository/CompetencyTraining/Remarks_TextContainer'

2018-11-05 15:39:50 - [MESSAGE][WARNING] - Timeout '0' is invalid. Using default page load timeout: '100'

2018-11-05 15:39:56 - [MESSAGE][PASSED] - Text 'Remarks' has been set to element 'Object Repository/CompetencyTraining/Remarks_TextContainer'

2018-11-05 15:39:56 - [TEST_STEP][PASSED] - hideKeyboard: Keyboard is hidden

2018-11-05 15:39:57 - [MESSAGE][PASSED] - Keyboard is hidden

2018-11-05 15:39:57 - [TEST_STEP][PASSED] - tap: Tapped on element 'Object Repository/CompetencyTraining/SubmitRemarksButton'

2018-11-05 15:39:57 - [MESSAGE][WARNING] - Timeout '0' is invalid. Using default page load timeout: '100'

2018-11-05 15:39:58 - [MESSAGE][PASSED] - Tapped on element 'Object Repository/CompetencyTraining/SubmitRemarksButton'

2018-11-05 15:39:58 - [TEST_STEP][PASSED] - verifyElementExist: Element 'Object Repository/CommonElements/Validate_InfoPopUp' is exist

2018-11-05 15:39:58 - [MESSAGE][WARNING] - Timeout '0' is invalid. Using default page load timeout: '100'

2018-11-05 15:39:59 - [MESSAGE][PASSED] - Element 'Object Repository/CommonElements/Validate_InfoPopUp' is exist

2018-11-05 15:39:59 - [TEST_STEP][PASSED] - tap: Tapped on element 'Object Repository/CommonElements/InfoPopUp_OKButton'

2018-11-05 15:39:59 - [MESSAGE][WARNING] - Timeout '0' is invalid. Using default page load timeout: '100'

2018-11-05 15:39:59 - [MESSAGE][PASSED] - Tapped on element 'Object Repository/CommonElements/InfoPopUp_OKButton'

2018-11-05 15:39:59 - [TEST_STEP][PASSED] - verifyElementText: Actual text and expected text of test object 'Object Repository/CompetencyTraining/Validate_TrainingStepsScreen' are matched.

2018-11-05 15:40:00 - [MESSAGE][PASSED] - Actual text and expected text of test object 'Object Repository/CompetencyTraining/Validate_TrainingStepsScreen' are matched.

2018-11-05 15:40:00 - [MESSAGE][PASSED] - Call Test Case 'Test Cases/CompetencyTraining/VisitRemarks' successfully

2018-11-05 15:40:00 - [MESSAGE][PASSED] - com.ct.qa.keywords.CompetiencyTraining.visitTrainingSteps is PASSED

2018-11-05 15:40:00 - [MESSAGE][PASSED] - Call Test Case 'Test Cases/CompetencyTraining/VisitTraining' successfully

2018-11-05 15:40:00 - [TEST_CASE][PASSED] - Test Cases/CompetencyTraining/SaveTraining: Test Cases/CompetencyTraining/SaveTraining

2018-11-05 15:40:00 - [TEST_STEP][PASSED] - tap: Tapped on element 'Object Repository/CompetencyTraining/SaveTrainingButton'

2018-11-05 15:40:00 - [MESSAGE][WARNING] - Timeout '0' is invalid. Using default page load timeout: '100'

2018-11-05 15:40:01 - [MESSAGE][PASSED] - Tapped on element 'Object Repository/CompetencyTraining/SaveTrainingButton'

2018-11-05 15:40:01 - [TEST_STEP][PASSED] - verifyElementExist: Element 'Object Repository/CompetencyTraining/Validate_SavedShopScreen' is exist

2018-11-05 15:40:01 - [MESSAGE][WARNING] - Timeout '0' is invalid. Using default page load timeout: '100'

2018-11-05 15:40:02 - [MESSAGE][PASSED] - Element 'Object Repository/CompetencyTraining/Validate_SavedShopScreen' is exist

2018-11-05 15:40:02 - [TEST_STEP][PASSED] - tap: Tapped on element 'Object Repository/CompetencyTraining/SavedShop_BackButton'

2018-11-05 15:40:02 - [MESSAGE][WARNING] - Timeout '0' is invalid. Using default page load timeout: '100'

2018-11-05 15:40:03 - [MESSAGE][PASSED] - Tapped on element 'Object Repository/CompetencyTraining/SavedShop_BackButton'

2018-11-05 15:40:03 - [TEST_STEP][PASSED] - verifyElementText: Actual text and expected text of test object 'Object Repository/CompetencyTraining/Validate_ShopsListScreen' are matched.

2018-11-05 15:40:03 - [MESSAGE][PASSED] - Actual text and expected text of test object 'Object Repository/CompetencyTraining/Validate_ShopsListScreen' are matched.

2018-11-05 15:40:03 - [MESSAGE][PASSED] - Call Test Case 'Test Cases/CompetencyTraining/SaveTraining' successfully

2018-11-05 15:40:03 - [TEST_CASE][PASSED] - Test Cases/CompetencyTraining/BackToAppMainScreen: Test Cases/CompetencyTraining/BackToAppMainScreen

2018-11-05 15:40:04 - [TEST_STEP][PASSED] - tap: Tapped on element 'Object Repository/CompetencyTraining/ShopsList_BackButton'

2018-11-05 15:40:04 - [MESSAGE][WARNING] - Timeout '0' is invalid. Using default page load timeout: '100'

2018-11-05 15:40:04 - [MESSAGE][PASSED] - Tapped on element 'Object Repository/CompetencyTraining/ShopsList_BackButton'

2018-11-05 15:40:04 - [TEST_STEP][PASSED] - verifyElementText: Actual text and expected text of test object 'Object Repository/CompetencyTraining/Validate_ProgramsScreen' are matched.

2018-11-05 15:40:05 - [MESSAGE][PASSED] - Actual text and expected text of test object 'Object Repository/CompetencyTraining/Validate_ProgramsScreen' are matched.

2018-11-05 15:40:05 - [TEST_STEP][PASSED] - tap: Tapped on element 'Object Repository/CompetencyTraining/Programs_BackButton'

2018-11-05 15:40:05 - [MESSAGE][WARNING] - Timeout '0' is invalid. Using default page load timeout: '100'

2018-11-05 15:40:05 - [MESSAGE][PASSED] - Tapped on element 'Object Repository/CompetencyTraining/Programs_BackButton'

2018-11-05 15:40:05 - [TEST_STEP][PASSED] - verifyElementText: Actual text and expected text of test object 'Object Repository/CompetencyTraining/Validate_DSFScreen' are matched.

2018-11-05 15:40:06 - [MESSAGE][PASSED] - Actual text and expected text of test object 'Object Repository/CompetencyTraining/Validate_DSFScreen' are matched.

2018-11-05 15:40:06 - [TEST_STEP][PASSED] - tap: Tapped on element 'Object Repository/CompetencyTraining/DSF_BackButton'

2018-11-05 15:40:06 - [MESSAGE][WARNING] - Timeout '0' is invalid. Using default page load timeout: '100'

2018-11-05 15:40:07 - [MESSAGE][PASSED] - Tapped on element 'Object Repository/CompetencyTraining/DSF_BackButton'

2018-11-05 15:40:07 - [TEST_STEP][PASSED] - verifyElementExist: Element 'Object Repository/CompetencyTraining/Validate_DistributionProductScreen' is exist

2018-11-05 15:40:07 - [MESSAGE][WARNING] - Timeout '0' is invalid. Using default page load timeout: '100'

2018-11-05 15:40:07 - [MESSAGE][PASSED] - Element 'Object Repository/CompetencyTraining/Validate_DistributionProductScreen' is exist

2018-11-05 15:40:07 - [TEST_STEP][PASSED] - tap: Tapped on element 'Object Repository/CompetencyTraining/DistributionProduct_BackButton'

2018-11-05 15:40:07 - [MESSAGE][WARNING] - Timeout '0' is invalid. Using default page load timeout: '100'

2018-11-05 15:40:10 - [MESSAGE][PASSED] - Tapped on element 'Object Repository/CompetencyTraining/DistributionProduct_BackButton'

2018-11-05 15:40:10 - [TEST_STEP][PASSED] - verifyElementExist: Element 'Object Repository/MainScreenEelements/Validate_ApplicationMainScreen' is exist

2018-11-05 15:40:10 - [MESSAGE][WARNING] - Timeout '0' is invalid. Using default page load timeout: '100'

2018-11-05 15:40:11 - [MESSAGE][PASSED] - Element 'Object Repository/MainScreenEelements/Validate_ApplicationMainScreen' is exist

2018-11-05 15:40:11 - [MESSAGE][PASSED] - Call Test Case 'Test Cases/CompetencyTraining/BackToAppMainScreen' successfully

2018-11-05 15:40:11 - [MESSAGE][PASSED] - com.ct.qa.keywords.CompetiencyTraining.visitShop is PASSED]]></system-out>
         <system-err><![CDATA[]]></system-err>
      </testcase>
      <testcase name="Test Cases/MarketVisit/VisitMarketVisit" classname="Test Cases/MarketVisit/VisitMarketVisit" status="PASSED">
         <system-out><![CDATA[2018-11-05 15:40:11 - [TEST_CASE][PASSED] - Test Cases/MarketVisit/VisitMarketVisit: Test Cases/MarketVisit/VisitMarketVisit

2018-11-05 15:40:11 - [TEST_STEP][PASSED] - verifyElementExist: Element 'Object Repository/MainScreenEelements/Validate_ApplicationMainScreen' is exist

2018-11-05 15:40:11 - [MESSAGE][WARNING] - Timeout '0' is invalid. Using default page load timeout: '100'

2018-11-05 15:40:11 - [MESSAGE][PASSED] - Element 'Object Repository/MainScreenEelements/Validate_ApplicationMainScreen' is exist

2018-11-05 15:40:11 - [TEST_STEP][PASSED] - tap: Tapped on element 'Object Repository/MainScreenEelements/MarketVisit'

2018-11-05 15:40:11 - [MESSAGE][WARNING] - Timeout '0' is invalid. Using default page load timeout: '100'

2018-11-05 15:40:12 - [MESSAGE][PASSED] - Tapped on element 'Object Repository/MainScreenEelements/MarketVisit'

2018-11-05 15:40:12 - [TEST_STEP][PASSED] - verifyElementText: Actual text and expected text of test object 'Object Repository/MarketVisiting/Validate_ProgramsScreen' are matched.

2018-11-05 15:40:13 - [MESSAGE][PASSED] - Actual text and expected text of test object 'Object Repository/MarketVisiting/Validate_ProgramsScreen' are matched.

2018-11-05 15:40:13 - [TEST_STEP][PASSED] - tap: Tapped on element 'Object Repository/MarketVisiting/Program'

2018-11-05 15:40:13 - [MESSAGE][WARNING] - Timeout '0' is invalid. Using default page load timeout: '100'

2018-11-05 15:40:14 - [MESSAGE][PASSED] - Tapped on element 'Object Repository/MarketVisiting/Program'

2018-11-05 15:40:14 - [TEST_STEP][PASSED] - com.ct.qa.keywords.MarketVisitKeywords.visitShopWithDataVerification: com.ct.qa.keywords.MarketVisitKeywords.visitShopWithDataVerification is PASSED

2018-11-05 15:40:17 - [TEST_CASE][PASSED] - Test Cases/MarketVisit/VisitTraining: Test Cases/MarketVisit/VisitTraining

2018-11-05 15:40:17 - [TEST_STEP][PASSED] - verifyElementText: Actual text and expected text of test object 'Object Repository/MarketVisiting/Validate_TrainingStepsScreen' are matched.

2018-11-05 15:40:18 - [MESSAGE][PASSED] - Actual text and expected text of test object 'Object Repository/MarketVisiting/Validate_TrainingStepsScreen' are matched.

2018-11-05 15:40:18 - [TEST_STEP][PASSED] - tap: Tapped on element 'Object Repository/MarketVisiting/POSAssessment'

2018-11-05 15:40:18 - [MESSAGE][WARNING] - Timeout '0' is invalid. Using default page load timeout: '100'

2018-11-05 15:40:18 - [MESSAGE][PASSED] - Tapped on element 'Object Repository/MarketVisiting/POSAssessment'

2018-11-05 15:40:18 - [TEST_STEP][PASSED] - verifyElementExist: Element 'Object Repository/MarketVisiting/Validate_POSAssessmentPopUp' is exist

2018-11-05 15:40:18 - [MESSAGE][WARNING] - Timeout '0' is invalid. Using default page load timeout: '100'

2018-11-05 15:40:19 - [MESSAGE][PASSED] - Element 'Object Repository/MarketVisiting/Validate_POSAssessmentPopUp' is exist

2018-11-05 15:40:19 - [TEST_STEP][PASSED] - tap: Tapped on element 'Object Repository/MarketVisiting/NeedImprovement'

2018-11-05 15:40:19 - [MESSAGE][WARNING] - Timeout '0' is invalid. Using default page load timeout: '100'

2018-11-05 15:40:20 - [MESSAGE][PASSED] - Tapped on element 'Object Repository/MarketVisiting/NeedImprovement'

2018-11-05 15:40:20 - [TEST_STEP][PASSED] - com.ct.qa.keywords.MarketVisitKeywords.visitTraining: com.ct.qa.keywords.MarketVisitKeywords.visitTraining is PASSED

2018-11-05 15:40:22 - [MESSAGE][PASSED] - Actual text and expected text of test object 'Object Repository/MarketVisiting/Validate_RemarksScreen' are matched.

2018-11-05 15:40:22 - [MESSAGE][WARNING] - Timeout '0' is invalid. Using default page load timeout: '100'

2018-11-05 15:40:23 - [MESSAGE][PASSED] - Tapped on element 'Object Repository/MarketVisiting/TakePictureButton'

2018-11-05 15:40:23 - [MESSAGE][WARNING] - Timeout '0' is invalid. Using default page load timeout: '100'

2018-11-05 15:40:24 - [MESSAGE][PASSED] - Element 'Object Repository/CommonElements/Validate_CameraScreen' is exist

2018-11-05 15:40:24 - [MESSAGE][WARNING] - Timeout '0' is invalid. Using default page load timeout: '100'

2018-11-05 15:40:27 - [MESSAGE][PASSED] - Tapped on element 'Object Repository/CommonElements/TakePhotoButton'

2018-11-05 15:40:32 - [MESSAGE][PASSED] - Delayed 5 second(s)

2018-11-05 15:40:32 - [MESSAGE][WARNING] - Timeout '0' is invalid. Using default page load timeout: '100'

2018-11-05 15:40:36 - [MESSAGE][PASSED] - Tapped on element 'Object Repository/CommonElements/DoneButton'

2018-11-05 15:40:36 - [MESSAGE][PASSED] - Actual text and expected text of test object 'Object Repository/MarketVisiting/Validate_RemarksScreen' are matched.

2018-11-05 15:40:41 - [MESSAGE][PASSED] - Keyboard is hidden

2018-11-05 15:40:41 - [MESSAGE][WARNING] - Timeout '0' is invalid. Using default page load timeout: '100'

2018-11-05 15:40:42 - [MESSAGE][PASSED] - Tapped on element 'Object Repository/MarketVisiting/SubmitButton'

2018-11-05 15:40:42 - [MESSAGE][WARNING] - Timeout '0' is invalid. Using default page load timeout: '100'

2018-11-05 15:40:43 - [MESSAGE][PASSED] - Element 'Object Repository/CommonElements/Validate_InfoPopUp' is exist

2018-11-05 15:40:43 - [MESSAGE][WARNING] - Timeout '0' is invalid. Using default page load timeout: '100'

2018-11-05 15:40:46 - [MESSAGE][PASSED] - Tapped on element 'Object Repository/CommonElements/InfoPopUp_OKButton'

2018-11-05 15:40:46 - [MESSAGE][PASSED] - Actual text and expected text of test object 'Object Repository/MarketVisiting/Validate_TrainingStepsScreen' are matched.

2018-11-05 15:40:47 - [MESSAGE][PASSED] - Actual text and expected text of test object 'Object Repository/MarketVisiting/Validate_RemarksScreen' are matched.

2018-11-05 15:40:47 - [MESSAGE][WARNING] - Timeout '0' is invalid. Using default page load timeout: '100'

2018-11-05 15:40:49 - [MESSAGE][PASSED] - Tapped on element 'Object Repository/MarketVisiting/TakePictureButton'

2018-11-05 15:40:49 - [MESSAGE][WARNING] - Timeout '0' is invalid. Using default page load timeout: '100'

2018-11-05 15:40:50 - [MESSAGE][PASSED] - Element 'Object Repository/CommonElements/Validate_CameraScreen' is exist

2018-11-05 15:40:50 - [MESSAGE][WARNING] - Timeout '0' is invalid. Using default page load timeout: '100'

2018-11-05 15:40:53 - [MESSAGE][PASSED] - Tapped on element 'Object Repository/CommonElements/TakePhotoButton'

2018-11-05 15:40:58 - [MESSAGE][PASSED] - Delayed 5 second(s)

2018-11-05 15:40:58 - [MESSAGE][WARNING] - Timeout '0' is invalid. Using default page load timeout: '100'

2018-11-05 15:41:01 - [MESSAGE][PASSED] - Tapped on element 'Object Repository/CommonElements/DoneButton'

2018-11-05 15:41:01 - [MESSAGE][PASSED] - Actual text and expected text of test object 'Object Repository/MarketVisiting/Validate_RemarksScreen' are matched.

2018-11-05 15:41:07 - [MESSAGE][PASSED] - Keyboard is hidden

2018-11-05 15:41:07 - [MESSAGE][WARNING] - Timeout '0' is invalid. Using default page load timeout: '100'

2018-11-05 15:41:07 - [MESSAGE][PASSED] - Tapped on element 'Object Repository/MarketVisiting/SubmitButton'

2018-11-05 15:41:07 - [MESSAGE][WARNING] - Timeout '0' is invalid. Using default page load timeout: '100'

2018-11-05 15:41:08 - [MESSAGE][PASSED] - Element 'Object Repository/CommonElements/Validate_InfoPopUp' is exist

2018-11-05 15:41:08 - [MESSAGE][WARNING] - Timeout '0' is invalid. Using default page load timeout: '100'

2018-11-05 15:41:11 - [MESSAGE][PASSED] - Tapped on element 'Object Repository/CommonElements/InfoPopUp_OKButton'

2018-11-05 15:41:12 - [MESSAGE][PASSED] - Actual text and expected text of test object 'Object Repository/MarketVisiting/Validate_TrainingStepsScreen' are matched.

2018-11-05 15:41:13 - [MESSAGE][PASSED] - Actual text and expected text of test object 'Object Repository/MarketVisiting/Validate_RemarksScreen' are matched.

2018-11-05 15:41:13 - [MESSAGE][WARNING] - Timeout '0' is invalid. Using default page load timeout: '100'

2018-11-05 15:41:15 - [MESSAGE][PASSED] - Tapped on element 'Object Repository/MarketVisiting/TakePictureButton'

2018-11-05 15:41:15 - [MESSAGE][WARNING] - Timeout '0' is invalid. Using default page load timeout: '100'

2018-11-05 15:41:16 - [MESSAGE][PASSED] - Element 'Object Repository/CommonElements/Validate_CameraScreen' is exist

2018-11-05 15:41:16 - [MESSAGE][WARNING] - Timeout '0' is invalid. Using default page load timeout: '100'

2018-11-05 15:41:19 - [MESSAGE][PASSED] - Tapped on element 'Object Repository/CommonElements/TakePhotoButton'

2018-11-05 15:41:24 - [MESSAGE][PASSED] - Delayed 5 second(s)

2018-11-05 15:41:24 - [MESSAGE][WARNING] - Timeout '0' is invalid. Using default page load timeout: '100'

2018-11-05 15:41:27 - [MESSAGE][PASSED] - Tapped on element 'Object Repository/CommonElements/DoneButton'

2018-11-05 15:41:27 - [MESSAGE][PASSED] - Actual text and expected text of test object 'Object Repository/MarketVisiting/Validate_RemarksScreen' are matched.

2018-11-05 15:41:33 - [MESSAGE][PASSED] - Keyboard is hidden

2018-11-05 15:41:33 - [MESSAGE][WARNING] - Timeout '0' is invalid. Using default page load timeout: '100'

2018-11-05 15:41:34 - [MESSAGE][PASSED] - Tapped on element 'Object Repository/MarketVisiting/SubmitButton'

2018-11-05 15:41:34 - [MESSAGE][WARNING] - Timeout '0' is invalid. Using default page load timeout: '100'

2018-11-05 15:41:34 - [MESSAGE][PASSED] - Element 'Object Repository/CommonElements/Validate_InfoPopUp' is exist

2018-11-05 15:41:34 - [MESSAGE][WARNING] - Timeout '0' is invalid. Using default page load timeout: '100'

2018-11-05 15:41:35 - [MESSAGE][PASSED] - Tapped on element 'Object Repository/CommonElements/InfoPopUp_OKButton'

2018-11-05 15:41:35 - [MESSAGE][PASSED] - Actual text and expected text of test object 'Object Repository/MarketVisiting/Validate_TrainingStepsScreen' are matched.

2018-11-05 15:41:37 - [MESSAGE][PASSED] - Actual text and expected text of test object 'Object Repository/MarketVisiting/Validate_RemarksScreen' are matched.

2018-11-05 15:41:37 - [MESSAGE][WARNING] - Timeout '0' is invalid. Using default page load timeout: '100'

2018-11-05 15:41:39 - [MESSAGE][PASSED] - Tapped on element 'Object Repository/MarketVisiting/TakePictureButton'

2018-11-05 15:41:39 - [MESSAGE][WARNING] - Timeout '0' is invalid. Using default page load timeout: '100'

2018-11-05 15:41:40 - [MESSAGE][PASSED] - Element 'Object Repository/CommonElements/Validate_CameraScreen' is exist

2018-11-05 15:41:40 - [MESSAGE][WARNING] - Timeout '0' is invalid. Using default page load timeout: '100'

2018-11-05 15:41:43 - [MESSAGE][PASSED] - Tapped on element 'Object Repository/CommonElements/TakePhotoButton'

2018-11-05 15:41:48 - [MESSAGE][PASSED] - Delayed 5 second(s)

2018-11-05 15:41:48 - [MESSAGE][WARNING] - Timeout '0' is invalid. Using default page load timeout: '100'

2018-11-05 15:41:51 - [MESSAGE][PASSED] - Tapped on element 'Object Repository/CommonElements/DoneButton'

2018-11-05 15:41:51 - [MESSAGE][PASSED] - Actual text and expected text of test object 'Object Repository/MarketVisiting/Validate_RemarksScreen' are matched.

2018-11-05 15:41:57 - [MESSAGE][PASSED] - Keyboard is hidden

2018-11-05 15:41:57 - [MESSAGE][WARNING] - Timeout '0' is invalid. Using default page load timeout: '100'

2018-11-05 15:41:57 - [MESSAGE][PASSED] - Tapped on element 'Object Repository/MarketVisiting/SubmitButton'

2018-11-05 15:41:57 - [MESSAGE][WARNING] - Timeout '0' is invalid. Using default page load timeout: '100'

2018-11-05 15:41:58 - [MESSAGE][PASSED] - Element 'Object Repository/CommonElements/Validate_InfoPopUp' is exist

2018-11-05 15:41:58 - [MESSAGE][WARNING] - Timeout '0' is invalid. Using default page load timeout: '100'

2018-11-05 15:41:58 - [MESSAGE][PASSED] - Tapped on element 'Object Repository/CommonElements/InfoPopUp_OKButton'

2018-11-05 15:41:59 - [MESSAGE][PASSED] - Actual text and expected text of test object 'Object Repository/MarketVisiting/Validate_TrainingStepsScreen' are matched.

2018-11-05 15:41:59 - [MESSAGE][PASSED] - com.ct.qa.keywords.MarketVisitKeywords.visitTraining is PASSED

2018-11-05 15:41:59 - [MESSAGE][PASSED] - Call Test Case 'Test Cases/MarketVisit/VisitTraining' successfully

2018-11-05 15:41:59 - [TEST_CASE][PASSED] - Test Cases/MarketVisit/SaveTraining: Test Cases/MarketVisit/SaveTraining

2018-11-05 15:41:59 - [TEST_STEP][PASSED] - verifyElementText: Actual text and expected text of test object 'Object Repository/MarketVisiting/Validate_TrainingStepsScreen' are matched.

2018-11-05 15:41:59 - [MESSAGE][PASSED] - Actual text and expected text of test object 'Object Repository/MarketVisiting/Validate_TrainingStepsScreen' are matched.

2018-11-05 15:41:59 - [TEST_STEP][PASSED] - swipe: Swiped from 0,700 to 0,520

2018-11-05 15:42:00 - [MESSAGE][PASSED] - Swiped from 0,700 to 0,520

2018-11-05 15:42:00 - [TEST_STEP][PASSED] - swipe: Swiped from 0,700 to 0,520

2018-11-05 15:42:01 - [MESSAGE][PASSED] - Swiped from 0,700 to 0,520

2018-11-05 15:42:01 - [TEST_STEP][PASSED] - tap: Tapped on element 'Object Repository/MarketVisiting/SaveMarketVisitButton'

2018-11-05 15:42:01 - [MESSAGE][WARNING] - Timeout '0' is invalid. Using default page load timeout: '100'

2018-11-05 15:42:02 - [MESSAGE][PASSED] - Tapped on element 'Object Repository/MarketVisiting/SaveMarketVisitButton'

2018-11-05 15:42:02 - [TEST_STEP][PASSED] - verifyElementExist: Element 'Object Repository/MarketVisiting/Validate_ShopListScreen' is exist

2018-11-05 15:42:02 - [MESSAGE][WARNING] - Timeout '0' is invalid. Using default page load timeout: '100'

2018-11-05 15:42:03 - [MESSAGE][PASSED] - Element 'Object Repository/MarketVisiting/Validate_ShopListScreen' is exist

2018-11-05 15:42:03 - [MESSAGE][PASSED] - Call Test Case 'Test Cases/MarketVisit/SaveTraining' successfully

2018-11-05 15:42:03 - [TEST_CASE][PASSED] - Test Cases/MarketVisit/BackToMainScreen: Test Cases/MarketVisit/BackToMainScreen

2018-11-05 15:42:03 - [TEST_STEP][PASSED] - verifyElementExist: Element 'Object Repository/MarketVisiting/Validate_ShopListScreen' is exist

2018-11-05 15:42:03 - [MESSAGE][WARNING] - Timeout '0' is invalid. Using default page load timeout: '100'

2018-11-05 15:42:03 - [MESSAGE][PASSED] - Element 'Object Repository/MarketVisiting/Validate_ShopListScreen' is exist

2018-11-05 15:42:03 - [TEST_STEP][PASSED] - tap: Tapped on element 'Object Repository/MarketVisiting/ShopsList_BackButton'

2018-11-05 15:42:03 - [MESSAGE][WARNING] - Timeout '0' is invalid. Using default page load timeout: '100'

2018-11-05 15:42:03 - [MESSAGE][PASSED] - Tapped on element 'Object Repository/MarketVisiting/ShopsList_BackButton'

2018-11-05 15:42:03 - [TEST_STEP][PASSED] - verifyElementText: Actual text and expected text of test object 'Object Repository/MarketVisiting/Validate_ProgramsScreen' are matched.

2018-11-05 15:42:04 - [MESSAGE][PASSED] - Actual text and expected text of test object 'Object Repository/MarketVisiting/Validate_ProgramsScreen' are matched.

2018-11-05 15:42:04 - [TEST_STEP][PASSED] - tap: Tapped on element 'Object Repository/MarketVisiting/Programs_BackButton'

2018-11-05 15:42:04 - [MESSAGE][WARNING] - Timeout '0' is invalid. Using default page load timeout: '100'

2018-11-05 15:42:08 - [MESSAGE][PASSED] - Tapped on element 'Object Repository/MarketVisiting/Programs_BackButton'

2018-11-05 15:42:08 - [TEST_STEP][PASSED] - verifyElementExist: Element 'Object Repository/MainScreenEelements/Validate_ApplicationMainScreen' is exist

2018-11-05 15:42:08 - [MESSAGE][WARNING] - Timeout '0' is invalid. Using default page load timeout: '100'

2018-11-05 15:42:08 - [MESSAGE][PASSED] - Element 'Object Repository/MainScreenEelements/Validate_ApplicationMainScreen' is exist

2018-11-05 15:42:08 - [MESSAGE][PASSED] - Call Test Case 'Test Cases/MarketVisit/BackToMainScreen' successfully

2018-11-05 15:42:08 - [MESSAGE][PASSED] - com.ct.qa.keywords.MarketVisitKeywords.visitShopWithDataVerification is PASSED]]></system-out>
         <system-err><![CDATA[]]></system-err>
      </testcase>
      <testcase name="Test Cases/TrainingUpdates/VisitTrainingUpdates" classname="Test Cases/TrainingUpdates/VisitTrainingUpdates" status="PASSED">
         <system-out><![CDATA[2018-11-05 15:42:08 - [TEST_CASE][PASSED] - Test Cases/TrainingUpdates/VisitTrainingUpdates: Test Cases/TrainingUpdates/VisitTrainingUpdates

2018-11-05 15:42:08 - [TEST_STEP][PASSED] - tap: Tapped on element 'Object Repository/MainScreenEelements/TrainingUpdates'

2018-11-05 15:42:08 - [MESSAGE][WARNING] - Timeout '0' is invalid. Using default page load timeout: '100'

2018-11-05 15:42:09 - [MESSAGE][PASSED] - Tapped on element 'Object Repository/MainScreenEelements/TrainingUpdates'

2018-11-05 15:42:09 - [TEST_STEP][PASSED] - waitForElementPresent: Element 'Object Repository/TrainingUpdates/Validate_TrainingUpdatesScreen' is present

2018-11-05 15:42:09 - [MESSAGE][WARNING] - Timeout '0' is invalid. Using default page load timeout: '100'

2018-11-05 15:42:13 - [MESSAGE][PASSED] - Element 'Object Repository/TrainingUpdates/Validate_TrainingUpdatesScreen' is present

2018-11-05 15:42:13 - [TEST_STEP][PASSED] - verifyElementExist: Element 'Object Repository/TrainingUpdates/Validate_TrainingUpdatesScreen' is exist

2018-11-05 15:42:13 - [MESSAGE][WARNING] - Timeout '0' is invalid. Using default page load timeout: '100'

2018-11-05 15:42:14 - [MESSAGE][PASSED] - Element 'Object Repository/TrainingUpdates/Validate_TrainingUpdatesScreen' is exist

2018-11-05 15:42:14 - [TEST_STEP][PASSED] - tap: Tapped on element 'Object Repository/TrainingUpdates/DSFTrainingStats/DSFTrainingStats'

2018-11-05 15:42:14 - [MESSAGE][WARNING] - Timeout '0' is invalid. Using default page load timeout: '100'

2018-11-05 15:42:14 - [MESSAGE][PASSED] - Tapped on element 'Object Repository/TrainingUpdates/DSFTrainingStats/DSFTrainingStats'

2018-11-05 15:42:14 - [TEST_STEP][PASSED] - verifyElementExist: Element 'Object Repository/TrainingUpdates/DSFTrainingStats/Validate_DSFTrainingStats' is exist

2018-11-05 15:42:14 - [MESSAGE][WARNING] - Timeout '0' is invalid. Using default page load timeout: '100'

2018-11-05 15:42:15 - [MESSAGE][PASSED] - Element 'Object Repository/TrainingUpdates/DSFTrainingStats/Validate_DSFTrainingStats' is exist

2018-11-05 15:42:15 - [TEST_STEP][PASSED] - tap: Tapped on element 'Object Repository/TrainingUpdates/DSFTrainingStats/DSFTrainingStats_BackButton'

2018-11-05 15:42:15 - [MESSAGE][WARNING] - Timeout '0' is invalid. Using default page load timeout: '100'

2018-11-05 15:42:19 - [MESSAGE][PASSED] - Tapped on element 'Object Repository/TrainingUpdates/DSFTrainingStats/DSFTrainingStats_BackButton'

2018-11-05 15:42:19 - [TEST_STEP][PASSED] - verifyElementExist: Element 'Object Repository/TrainingUpdates/Validate_TrainingUpdatesScreen' is exist

2018-11-05 15:42:19 - [MESSAGE][WARNING] - Timeout '0' is invalid. Using default page load timeout: '100'

2018-11-05 15:42:19 - [MESSAGE][PASSED] - Element 'Object Repository/TrainingUpdates/Validate_TrainingUpdatesScreen' is exist

2018-11-05 15:42:19 - [TEST_STEP][PASSED] - tap: Tapped on element 'Object Repository/TrainingUpdates/CapabilityChampions/CapabilityChampions'

2018-11-05 15:42:19 - [MESSAGE][WARNING] - Timeout '0' is invalid. Using default page load timeout: '100'

2018-11-05 15:42:19 - [MESSAGE][PASSED] - Tapped on element 'Object Repository/TrainingUpdates/CapabilityChampions/CapabilityChampions'

2018-11-05 15:42:19 - [TEST_STEP][PASSED] - verifyElementExist: Element 'Object Repository/TrainingUpdates/CapabilityChampions/Validate_NationalZonalScreen' is exist

2018-11-05 15:42:19 - [MESSAGE][WARNING] - Timeout '0' is invalid. Using default page load timeout: '100'

2018-11-05 15:42:20 - [MESSAGE][PASSED] - Element 'Object Repository/TrainingUpdates/CapabilityChampions/Validate_NationalZonalScreen' is exist

2018-11-05 15:42:20 - [TEST_STEP][PASSED] - tap: Tapped on element 'Object Repository/TrainingUpdates/CapabilityChampions/NationalChampions'

2018-11-05 15:42:20 - [MESSAGE][WARNING] - Timeout '0' is invalid. Using default page load timeout: '100'

2018-11-05 15:42:21 - [MESSAGE][PASSED] - Tapped on element 'Object Repository/TrainingUpdates/CapabilityChampions/NationalChampions'

2018-11-05 15:42:21 - [TEST_STEP][PASSED] - verifyElementExist: Element 'Object Repository/TrainingUpdates/CapabilityChampions/Validate_ASMTSEScreen' is exist

2018-11-05 15:42:21 - [MESSAGE][WARNING] - Timeout '0' is invalid. Using default page load timeout: '100'

2018-11-05 15:42:21 - [MESSAGE][PASSED] - Element 'Object Repository/TrainingUpdates/CapabilityChampions/Validate_ASMTSEScreen' is exist

2018-11-05 15:42:21 - [TEST_STEP][PASSED] - tap: Tapped on element 'Object Repository/TrainingUpdates/CapabilityChampions/ASM'

2018-11-05 15:42:21 - [MESSAGE][WARNING] - Timeout '0' is invalid. Using default page load timeout: '100'

2018-11-05 15:42:22 - [MESSAGE][PASSED] - Tapped on element 'Object Repository/TrainingUpdates/CapabilityChampions/ASM'

2018-11-05 15:42:22 - [TEST_STEP][PASSED] - waitForElementPresent: Element 'Object Repository/TrainingUpdates/CapabilityChampions/Validate_NationalChampionsScreen' is present

2018-11-05 15:42:22 - [MESSAGE][WARNING] - Timeout '0' is invalid. Using default page load timeout: '100'

2018-11-05 15:43:05 - [MESSAGE][PASSED] - Element 'Object Repository/TrainingUpdates/CapabilityChampions/Validate_NationalChampionsScreen' is present

2018-11-05 15:43:05 - [TEST_STEP][PASSED] - verifyElementText: Actual text and expected text of test object 'Object Repository/TrainingUpdates/CapabilityChampions/Validate_NationalChampionsScreen' are matched.

2018-11-05 15:43:05 - [MESSAGE][PASSED] - Actual text and expected text of test object 'Object Repository/TrainingUpdates/CapabilityChampions/Validate_NationalChampionsScreen' are matched.

2018-11-05 15:43:05 - [TEST_STEP][PASSED] - tap: Tapped on element 'Object Repository/TrainingUpdates/CapabilityChampions/NationalChampions_BackButton'

2018-11-05 15:43:05 - [MESSAGE][WARNING] - Timeout '0' is invalid. Using default page load timeout: '100'

2018-11-05 15:43:09 - [MESSAGE][PASSED] - Tapped on element 'Object Repository/TrainingUpdates/CapabilityChampions/NationalChampions_BackButton'

2018-11-05 15:43:09 - [TEST_STEP][PASSED] - verifyElementExist: Element 'Object Repository/TrainingUpdates/CapabilityChampions/Validate_ASMTSEScreen' is exist

2018-11-05 15:43:09 - [MESSAGE][WARNING] - Timeout '0' is invalid. Using default page load timeout: '100'

2018-11-05 15:43:09 - [MESSAGE][PASSED] - Element 'Object Repository/TrainingUpdates/CapabilityChampions/Validate_ASMTSEScreen' is exist

2018-11-05 15:43:09 - [TEST_STEP][PASSED] - tap: Tapped on element 'Object Repository/TrainingUpdates/CapabilityChampions/TSE'

2018-11-05 15:43:09 - [MESSAGE][WARNING] - Timeout '0' is invalid. Using default page load timeout: '100'

2018-11-05 15:43:09 - [MESSAGE][PASSED] - Tapped on element 'Object Repository/TrainingUpdates/CapabilityChampions/TSE'

2018-11-05 15:43:09 - [TEST_STEP][PASSED] - waitForElementPresent: Element 'Object Repository/TrainingUpdates/CapabilityChampions/Validate_NationalChampionsScreen' is present

2018-11-05 15:43:09 - [MESSAGE][WARNING] - Timeout '0' is invalid. Using default page load timeout: '100'

2018-11-05 15:43:16 - [MESSAGE][PASSED] - Element 'Object Repository/TrainingUpdates/CapabilityChampions/Validate_NationalChampionsScreen' is present

2018-11-05 15:43:16 - [TEST_STEP][PASSED] - verifyElementText: Actual text and expected text of test object 'Object Repository/TrainingUpdates/CapabilityChampions/Validate_NationalChampionsScreen' are matched.

2018-11-05 15:43:17 - [MESSAGE][PASSED] - Actual text and expected text of test object 'Object Repository/TrainingUpdates/CapabilityChampions/Validate_NationalChampionsScreen' are matched.

2018-11-05 15:43:17 - [TEST_STEP][PASSED] - tap: Tapped on element 'Object Repository/TrainingUpdates/CapabilityChampions/NationalChampions_BackButton'

2018-11-05 15:43:17 - [MESSAGE][WARNING] - Timeout '0' is invalid. Using default page load timeout: '100'

2018-11-05 15:43:20 - [MESSAGE][PASSED] - Tapped on element 'Object Repository/TrainingUpdates/CapabilityChampions/NationalChampions_BackButton'

2018-11-05 15:43:20 - [TEST_STEP][PASSED] - verifyElementExist: Element 'Object Repository/TrainingUpdates/CapabilityChampions/Validate_ASMTSEScreen' is exist

2018-11-05 15:43:20 - [MESSAGE][WARNING] - Timeout '0' is invalid. Using default page load timeout: '100'

2018-11-05 15:43:20 - [MESSAGE][PASSED] - Element 'Object Repository/TrainingUpdates/CapabilityChampions/Validate_ASMTSEScreen' is exist

2018-11-05 15:43:20 - [TEST_STEP][PASSED] - pressBack: Press back button successfully

2018-11-05 15:43:20 - [MESSAGE][PASSED] - Press back button successfully

2018-11-05 15:43:20 - [TEST_STEP][PASSED] - verifyElementExist: Element 'Object Repository/TrainingUpdates/CapabilityChampions/Validate_NationalZonalScreen' is exist

2018-11-05 15:43:20 - [MESSAGE][WARNING] - Timeout '0' is invalid. Using default page load timeout: '100'

2018-11-05 15:43:21 - [MESSAGE][PASSED] - Element 'Object Repository/TrainingUpdates/CapabilityChampions/Validate_NationalZonalScreen' is exist

2018-11-05 15:43:21 - [TEST_STEP][PASSED] - tap: Tapped on element 'Object Repository/TrainingUpdates/CapabilityChampions/ZonalChampions'

2018-11-05 15:43:21 - [MESSAGE][WARNING] - Timeout '0' is invalid. Using default page load timeout: '100'

2018-11-05 15:43:22 - [MESSAGE][PASSED] - Tapped on element 'Object Repository/TrainingUpdates/CapabilityChampions/ZonalChampions'

2018-11-05 15:43:22 - [TEST_STEP][PASSED] - verifyElementExist: Element 'Object Repository/TrainingUpdates/CapabilityChampions/Validate_CenterSouthNorthScreen' is exist

2018-11-05 15:43:22 - [MESSAGE][WARNING] - Timeout '0' is invalid. Using default page load timeout: '100'

2018-11-05 15:43:22 - [MESSAGE][PASSED] - Element 'Object Repository/TrainingUpdates/CapabilityChampions/Validate_CenterSouthNorthScreen' is exist

2018-11-05 15:43:22 - [TEST_STEP][PASSED] - com.ct.qa.keywords.TrainingUpdates.visitAsmTseZoneForZonalChampions: com.ct.qa.keywords.TrainingUpdates.visitAsmTseZoneForZonalChampions is PASSED

2018-11-05 15:43:23 - [TEST_CASE][PASSED] - Test Cases/TrainingUpdates/VisitAsmTseForZonalChampions: Test Cases/TrainingUpdates/VisitAsmTseForZonalChampions

2018-11-05 15:43:23 - [TEST_STEP][PASSED] - verifyElementExist: Element 'Object Repository/TrainingUpdates/CapabilityChampions/Validate_ASMTSEScreen' is exist

2018-11-05 15:43:23 - [MESSAGE][WARNING] - Timeout '0' is invalid. Using default page load timeout: '100'

2018-11-05 15:43:24 - [MESSAGE][PASSED] - Element 'Object Repository/TrainingUpdates/CapabilityChampions/Validate_ASMTSEScreen' is exist

2018-11-05 15:43:24 - [TEST_STEP][PASSED] - tap: Tapped on element 'Object Repository/TrainingUpdates/CapabilityChampions/ASM'

2018-11-05 15:43:24 - [MESSAGE][WARNING] - Timeout '0' is invalid. Using default page load timeout: '100'

2018-11-05 15:43:24 - [MESSAGE][PASSED] - Tapped on element 'Object Repository/TrainingUpdates/CapabilityChampions/ASM'

2018-11-05 15:43:24 - [TEST_STEP][PASSED] - waitForElementPresent: Element 'Object Repository/TrainingUpdates/CapabilityChampions/Validate_ZonalChampionsScreen' is present

2018-11-05 15:43:24 - [MESSAGE][WARNING] - Timeout '0' is invalid. Using default page load timeout: '100'

2018-11-05 15:43:46 - [MESSAGE][PASSED] - Element 'Object Repository/TrainingUpdates/CapabilityChampions/Validate_ZonalChampionsScreen' is present

2018-11-05 15:43:46 - [TEST_STEP][PASSED] - verifyElementText: Actual text and expected text of test object 'Object Repository/TrainingUpdates/CapabilityChampions/Validate_ZonalChampionsScreen' are matched.

2018-11-05 15:43:46 - [MESSAGE][PASSED] - Actual text and expected text of test object 'Object Repository/TrainingUpdates/CapabilityChampions/Validate_ZonalChampionsScreen' are matched.

2018-11-05 15:43:46 - [TEST_STEP][PASSED] - tap: Tapped on element 'Object Repository/TrainingUpdates/CapabilityChampions/ZonalChampions_BackButton'

2018-11-05 15:43:46 - [MESSAGE][WARNING] - Timeout '0' is invalid. Using default page load timeout: '100'

2018-11-05 15:43:50 - [MESSAGE][PASSED] - Tapped on element 'Object Repository/TrainingUpdates/CapabilityChampions/ZonalChampions_BackButton'

2018-11-05 15:43:50 - [TEST_STEP][PASSED] - verifyElementExist: Element 'Object Repository/TrainingUpdates/CapabilityChampions/Validate_ASMTSEScreen' is exist

2018-11-05 15:43:50 - [MESSAGE][WARNING] - Timeout '0' is invalid. Using default page load timeout: '100'

2018-11-05 15:43:50 - [MESSAGE][PASSED] - Element 'Object Repository/TrainingUpdates/CapabilityChampions/Validate_ASMTSEScreen' is exist

2018-11-05 15:43:50 - [TEST_STEP][PASSED] - tap: Tapped on element 'Object Repository/TrainingUpdates/CapabilityChampions/TSE'

2018-11-05 15:43:50 - [MESSAGE][WARNING] - Timeout '0' is invalid. Using default page load timeout: '100'

2018-11-05 15:43:50 - [MESSAGE][PASSED] - Tapped on element 'Object Repository/TrainingUpdates/CapabilityChampions/TSE'

2018-11-05 15:43:50 - [TEST_STEP][PASSED] - waitForElementPresent: Element 'Object Repository/TrainingUpdates/CapabilityChampions/Validate_ZonalChampionsScreen' is present

2018-11-05 15:43:50 - [MESSAGE][WARNING] - Timeout '0' is invalid. Using default page load timeout: '100'

2018-11-05 15:43:56 - [MESSAGE][PASSED] - Element 'Object Repository/TrainingUpdates/CapabilityChampions/Validate_ZonalChampionsScreen' is present

2018-11-05 15:43:56 - [TEST_STEP][PASSED] - verifyElementText: Actual text and expected text of test object 'Object Repository/TrainingUpdates/CapabilityChampions/Validate_ZonalChampionsScreen' are matched.

2018-11-05 15:43:57 - [MESSAGE][PASSED] - Actual text and expected text of test object 'Object Repository/TrainingUpdates/CapabilityChampions/Validate_ZonalChampionsScreen' are matched.

2018-11-05 15:43:57 - [TEST_STEP][PASSED] - tap: Tapped on element 'Object Repository/TrainingUpdates/CapabilityChampions/ZonalChampions_BackButton'

2018-11-05 15:43:57 - [MESSAGE][WARNING] - Timeout '0' is invalid. Using default page load timeout: '100'

2018-11-05 15:44:00 - [MESSAGE][PASSED] - Tapped on element 'Object Repository/TrainingUpdates/CapabilityChampions/ZonalChampions_BackButton'

2018-11-05 15:44:00 - [TEST_STEP][PASSED] - verifyElementExist: Element 'Object Repository/TrainingUpdates/CapabilityChampions/Validate_ASMTSEScreen' is exist

2018-11-05 15:44:00 - [MESSAGE][WARNING] - Timeout '0' is invalid. Using default page load timeout: '100'

2018-11-05 15:44:00 - [MESSAGE][PASSED] - Element 'Object Repository/TrainingUpdates/CapabilityChampions/Validate_ASMTSEScreen' is exist

2018-11-05 15:44:00 - [TEST_STEP][PASSED] - pressBack: Press back button successfully

2018-11-05 15:44:00 - [MESSAGE][PASSED] - Press back button successfully

2018-11-05 15:44:00 - [TEST_STEP][PASSED] - verifyElementExist: Element 'Object Repository/TrainingUpdates/CapabilityChampions/Validate_CenterSouthNorthScreen' is exist

2018-11-05 15:44:00 - [MESSAGE][WARNING] - Timeout '0' is invalid. Using default page load timeout: '100'

2018-11-05 15:44:01 - [MESSAGE][PASSED] - Element 'Object Repository/TrainingUpdates/CapabilityChampions/Validate_CenterSouthNorthScreen' is exist

2018-11-05 15:44:01 - [MESSAGE][PASSED] - Call Test Case 'Test Cases/TrainingUpdates/VisitAsmTseForZonalChampions' successfully

2018-11-05 15:44:02 - [TEST_CASE][PASSED] - Test Cases/TrainingUpdates/VisitAsmTseForZonalChampions: Test Cases/TrainingUpdates/VisitAsmTseForZonalChampions

2018-11-05 15:44:02 - [TEST_STEP][PASSED] - verifyElementExist: Element 'Object Repository/TrainingUpdates/CapabilityChampions/Validate_ASMTSEScreen' is exist

2018-11-05 15:44:02 - [MESSAGE][WARNING] - Timeout '0' is invalid. Using default page load timeout: '100'

2018-11-05 15:44:02 - [MESSAGE][PASSED] - Element 'Object Repository/TrainingUpdates/CapabilityChampions/Validate_ASMTSEScreen' is exist

2018-11-05 15:44:02 - [TEST_STEP][PASSED] - tap: Tapped on element 'Object Repository/TrainingUpdates/CapabilityChampions/ASM'

2018-11-05 15:44:02 - [MESSAGE][WARNING] - Timeout '0' is invalid. Using default page load timeout: '100'

2018-11-05 15:44:03 - [MESSAGE][PASSED] - Tapped on element 'Object Repository/TrainingUpdates/CapabilityChampions/ASM'

2018-11-05 15:44:03 - [TEST_STEP][PASSED] - waitForElementPresent: Element 'Object Repository/TrainingUpdates/CapabilityChampions/Validate_ZonalChampionsScreen' is present

2018-11-05 15:44:03 - [MESSAGE][WARNING] - Timeout '0' is invalid. Using default page load timeout: '100'

2018-11-05 15:44:23 - [MESSAGE][PASSED] - Element 'Object Repository/TrainingUpdates/CapabilityChampions/Validate_ZonalChampionsScreen' is present

2018-11-05 15:44:23 - [TEST_STEP][PASSED] - verifyElementText: Actual text and expected text of test object 'Object Repository/TrainingUpdates/CapabilityChampions/Validate_ZonalChampionsScreen' are matched.

2018-11-05 15:44:23 - [MESSAGE][PASSED] - Actual text and expected text of test object 'Object Repository/TrainingUpdates/CapabilityChampions/Validate_ZonalChampionsScreen' are matched.

2018-11-05 15:44:23 - [TEST_STEP][PASSED] - tap: Tapped on element 'Object Repository/TrainingUpdates/CapabilityChampions/ZonalChampions_BackButton'

2018-11-05 15:44:23 - [MESSAGE][WARNING] - Timeout '0' is invalid. Using default page load timeout: '100'

2018-11-05 15:44:27 - [MESSAGE][PASSED] - Tapped on element 'Object Repository/TrainingUpdates/CapabilityChampions/ZonalChampions_BackButton'

2018-11-05 15:44:27 - [TEST_STEP][PASSED] - verifyElementExist: Element 'Object Repository/TrainingUpdates/CapabilityChampions/Validate_ASMTSEScreen' is exist

2018-11-05 15:44:27 - [MESSAGE][WARNING] - Timeout '0' is invalid. Using default page load timeout: '100'

2018-11-05 15:44:27 - [MESSAGE][PASSED] - Element 'Object Repository/TrainingUpdates/CapabilityChampions/Validate_ASMTSEScreen' is exist

2018-11-05 15:44:27 - [TEST_STEP][PASSED] - tap: Tapped on element 'Object Repository/TrainingUpdates/CapabilityChampions/TSE'

2018-11-05 15:44:27 - [MESSAGE][WARNING] - Timeout '0' is invalid. Using default page load timeout: '100'

2018-11-05 15:44:28 - [MESSAGE][PASSED] - Tapped on element 'Object Repository/TrainingUpdates/CapabilityChampions/TSE'

2018-11-05 15:44:28 - [TEST_STEP][PASSED] - waitForElementPresent: Element 'Object Repository/TrainingUpdates/CapabilityChampions/Validate_ZonalChampionsScreen' is present

2018-11-05 15:44:28 - [MESSAGE][WARNING] - Timeout '0' is invalid. Using default page load timeout: '100'

2018-11-05 15:44:37 - [MESSAGE][PASSED] - Element 'Object Repository/TrainingUpdates/CapabilityChampions/Validate_ZonalChampionsScreen' is present

2018-11-05 15:44:37 - [TEST_STEP][PASSED] - verifyElementText: Actual text and expected text of test object 'Object Repository/TrainingUpdates/CapabilityChampions/Validate_ZonalChampionsScreen' are matched.

2018-11-05 15:44:38 - [MESSAGE][PASSED] - Actual text and expected text of test object 'Object Repository/TrainingUpdates/CapabilityChampions/Validate_ZonalChampionsScreen' are matched.

2018-11-05 15:44:38 - [TEST_STEP][PASSED] - tap: Tapped on element 'Object Repository/TrainingUpdates/CapabilityChampions/ZonalChampions_BackButton'

2018-11-05 15:44:38 - [MESSAGE][WARNING] - Timeout '0' is invalid. Using default page load timeout: '100'

2018-11-05 15:44:41 - [MESSAGE][PASSED] - Tapped on element 'Object Repository/TrainingUpdates/CapabilityChampions/ZonalChampions_BackButton'

2018-11-05 15:44:41 - [TEST_STEP][PASSED] - verifyElementExist: Element 'Object Repository/TrainingUpdates/CapabilityChampions/Validate_ASMTSEScreen' is exist

2018-11-05 15:44:41 - [MESSAGE][WARNING] - Timeout '0' is invalid. Using default page load timeout: '100'

2018-11-05 15:44:41 - [MESSAGE][PASSED] - Element 'Object Repository/TrainingUpdates/CapabilityChampions/Validate_ASMTSEScreen' is exist

2018-11-05 15:44:41 - [TEST_STEP][PASSED] - pressBack: Press back button successfully

2018-11-05 15:44:42 - [MESSAGE][PASSED] - Press back button successfully

2018-11-05 15:44:42 - [TEST_STEP][PASSED] - verifyElementExist: Element 'Object Repository/TrainingUpdates/CapabilityChampions/Validate_CenterSouthNorthScreen' is exist

2018-11-05 15:44:42 - [MESSAGE][WARNING] - Timeout '0' is invalid. Using default page load timeout: '100'

2018-11-05 15:44:43 - [MESSAGE][PASSED] - Element 'Object Repository/TrainingUpdates/CapabilityChampions/Validate_CenterSouthNorthScreen' is exist

2018-11-05 15:44:43 - [MESSAGE][PASSED] - Call Test Case 'Test Cases/TrainingUpdates/VisitAsmTseForZonalChampions' successfully

2018-11-05 15:44:43 - [TEST_CASE][PASSED] - Test Cases/TrainingUpdates/VisitAsmTseForZonalChampions: Test Cases/TrainingUpdates/VisitAsmTseForZonalChampions

2018-11-05 15:44:43 - [TEST_STEP][PASSED] - verifyElementExist: Element 'Object Repository/TrainingUpdates/CapabilityChampions/Validate_ASMTSEScreen' is exist

2018-11-05 15:44:43 - [MESSAGE][WARNING] - Timeout '0' is invalid. Using default page load timeout: '100'

2018-11-05 15:44:44 - [MESSAGE][PASSED] - Element 'Object Repository/TrainingUpdates/CapabilityChampions/Validate_ASMTSEScreen' is exist

2018-11-05 15:44:44 - [TEST_STEP][PASSED] - tap: Tapped on element 'Object Repository/TrainingUpdates/CapabilityChampions/ASM'

2018-11-05 15:44:44 - [MESSAGE][WARNING] - Timeout '0' is invalid. Using default page load timeout: '100'

2018-11-05 15:44:45 - [MESSAGE][PASSED] - Tapped on element 'Object Repository/TrainingUpdates/CapabilityChampions/ASM'

2018-11-05 15:44:45 - [TEST_STEP][PASSED] - waitForElementPresent: Element 'Object Repository/TrainingUpdates/CapabilityChampions/Validate_ZonalChampionsScreen' is present

2018-11-05 15:44:45 - [MESSAGE][WARNING] - Timeout '0' is invalid. Using default page load timeout: '100'

2018-11-05 15:44:59 - [MESSAGE][PASSED] - Element 'Object Repository/TrainingUpdates/CapabilityChampions/Validate_ZonalChampionsScreen' is present

2018-11-05 15:44:59 - [TEST_STEP][PASSED] - verifyElementText: Actual text and expected text of test object 'Object Repository/TrainingUpdates/CapabilityChampions/Validate_ZonalChampionsScreen' are matched.

2018-11-05 15:45:00 - [MESSAGE][PASSED] - Actual text and expected text of test object 'Object Repository/TrainingUpdates/CapabilityChampions/Validate_ZonalChampionsScreen' are matched.

2018-11-05 15:45:00 - [TEST_STEP][PASSED] - tap: Tapped on element 'Object Repository/TrainingUpdates/CapabilityChampions/ZonalChampions_BackButton'

2018-11-05 15:45:00 - [MESSAGE][WARNING] - Timeout '0' is invalid. Using default page load timeout: '100'

2018-11-05 15:45:03 - [MESSAGE][PASSED] - Tapped on element 'Object Repository/TrainingUpdates/CapabilityChampions/ZonalChampions_BackButton'

2018-11-05 15:45:03 - [TEST_STEP][PASSED] - verifyElementExist: Element 'Object Repository/TrainingUpdates/CapabilityChampions/Validate_ASMTSEScreen' is exist

2018-11-05 15:45:03 - [MESSAGE][WARNING] - Timeout '0' is invalid. Using default page load timeout: '100'

2018-11-05 15:45:03 - [MESSAGE][PASSED] - Element 'Object Repository/TrainingUpdates/CapabilityChampions/Validate_ASMTSEScreen' is exist

2018-11-05 15:45:03 - [TEST_STEP][PASSED] - tap: Tapped on element 'Object Repository/TrainingUpdates/CapabilityChampions/TSE'

2018-11-05 15:45:03 - [MESSAGE][WARNING] - Timeout '0' is invalid. Using default page load timeout: '100'

2018-11-05 15:45:04 - [MESSAGE][PASSED] - Tapped on element 'Object Repository/TrainingUpdates/CapabilityChampions/TSE'

2018-11-05 15:45:04 - [TEST_STEP][PASSED] - waitForElementPresent: Element 'Object Repository/TrainingUpdates/CapabilityChampions/Validate_ZonalChampionsScreen' is present

2018-11-05 15:45:04 - [MESSAGE][WARNING] - Timeout '0' is invalid. Using default page load timeout: '100'

2018-11-05 15:45:09 - [MESSAGE][PASSED] - Element 'Object Repository/TrainingUpdates/CapabilityChampions/Validate_ZonalChampionsScreen' is present

2018-11-05 15:45:09 - [TEST_STEP][PASSED] - verifyElementText: Actual text and expected text of test object 'Object Repository/TrainingUpdates/CapabilityChampions/Validate_ZonalChampionsScreen' are matched.

2018-11-05 15:45:10 - [MESSAGE][PASSED] - Actual text and expected text of test object 'Object Repository/TrainingUpdates/CapabilityChampions/Validate_ZonalChampionsScreen' are matched.

2018-11-05 15:45:10 - [TEST_STEP][PASSED] - tap: Tapped on element 'Object Repository/TrainingUpdates/CapabilityChampions/ZonalChampions_BackButton'

2018-11-05 15:45:10 - [MESSAGE][WARNING] - Timeout '0' is invalid. Using default page load timeout: '100'

2018-11-05 15:45:13 - [MESSAGE][PASSED] - Tapped on element 'Object Repository/TrainingUpdates/CapabilityChampions/ZonalChampions_BackButton'

2018-11-05 15:45:13 - [TEST_STEP][PASSED] - verifyElementExist: Element 'Object Repository/TrainingUpdates/CapabilityChampions/Validate_ASMTSEScreen' is exist

2018-11-05 15:45:13 - [MESSAGE][WARNING] - Timeout '0' is invalid. Using default page load timeout: '100'

2018-11-05 15:45:13 - [MESSAGE][PASSED] - Element 'Object Repository/TrainingUpdates/CapabilityChampions/Validate_ASMTSEScreen' is exist

2018-11-05 15:45:13 - [TEST_STEP][PASSED] - pressBack: Press back button successfully

2018-11-05 15:45:13 - [MESSAGE][PASSED] - Press back button successfully

2018-11-05 15:45:13 - [TEST_STEP][PASSED] - verifyElementExist: Element 'Object Repository/TrainingUpdates/CapabilityChampions/Validate_CenterSouthNorthScreen' is exist

2018-11-05 15:45:13 - [MESSAGE][WARNING] - Timeout '0' is invalid. Using default page load timeout: '100'

2018-11-05 15:45:14 - [MESSAGE][PASSED] - Element 'Object Repository/TrainingUpdates/CapabilityChampions/Validate_CenterSouthNorthScreen' is exist

2018-11-05 15:45:14 - [MESSAGE][PASSED] - Call Test Case 'Test Cases/TrainingUpdates/VisitAsmTseForZonalChampions' successfully

2018-11-05 15:45:14 - [MESSAGE][PASSED] - com.ct.qa.keywords.TrainingUpdates.visitAsmTseZoneForZonalChampions is PASSED

2018-11-05 15:45:14 - [TEST_STEP][PASSED] - tap: Tapped on element 'Object Repository/TrainingUpdates/CapabilityChampions/CenterSouthNorthScreen_BackButton'

2018-11-05 15:45:14 - [MESSAGE][WARNING] - Timeout '0' is invalid. Using default page load timeout: '100'

2018-11-05 15:45:17 - [MESSAGE][PASSED] - Tapped on element 'Object Repository/TrainingUpdates/CapabilityChampions/CenterSouthNorthScreen_BackButton'

2018-11-05 15:45:17 - [TEST_STEP][PASSED] - verifyElementExist: Element 'Object Repository/TrainingUpdates/CapabilityChampions/Validate_NationalZonalScreen' is exist

2018-11-05 15:45:17 - [MESSAGE][WARNING] - Timeout '0' is invalid. Using default page load timeout: '100'

2018-11-05 15:45:18 - [MESSAGE][PASSED] - Element 'Object Repository/TrainingUpdates/CapabilityChampions/Validate_NationalZonalScreen' is exist

2018-11-05 15:45:18 - [TEST_STEP][PASSED] - pressBack: Press back button successfully

2018-11-05 15:45:18 - [MESSAGE][PASSED] - Press back button successfully

2018-11-05 15:45:18 - [TEST_STEP][PASSED] - verifyElementExist: Element 'Object Repository/TrainingUpdates/Validate_TrainingUpdatesScreen' is exist

2018-11-05 15:45:18 - [MESSAGE][WARNING] - Timeout '0' is invalid. Using default page load timeout: '100'

2018-11-05 15:45:18 - [MESSAGE][PASSED] - Element 'Object Repository/TrainingUpdates/Validate_TrainingUpdatesScreen' is exist

2018-11-05 15:45:18 - [TEST_STEP][PASSED] - pressBack: Press back button successfully

2018-11-05 15:45:19 - [MESSAGE][PASSED] - Press back button successfully

2018-11-05 15:45:19 - [TEST_STEP][PASSED] - verifyElementExist: Element 'Object Repository/MainScreenEelements/Validate_ApplicationMainScreen' is exist

2018-11-05 15:45:19 - [MESSAGE][WARNING] - Timeout '0' is invalid. Using default page load timeout: '100'

2018-11-05 15:45:19 - [MESSAGE][PASSED] - Element 'Object Repository/MainScreenEelements/Validate_ApplicationMainScreen' is exist]]></system-out>
         <system-err><![CDATA[]]></system-err>
      </testcase>
      <testcase name="Test Cases/ViewPlanogram/VisitViewPlanogram" classname="Test Cases/ViewPlanogram/VisitViewPlanogram" status="PASSED">
         <system-out><![CDATA[2018-11-05 15:45:19 - [TEST_CASE][PASSED] - Test Cases/ViewPlanogram/VisitViewPlanogram: Test Cases/ViewPlanogram/VisitViewPlanogram

2018-11-05 15:45:20 - [TEST_STEP][PASSED] - tap: Tapped on element 'Object Repository/MainScreenEelements/ViewPlanogram'

2018-11-05 15:45:20 - [MESSAGE][WARNING] - Timeout '0' is invalid. Using default page load timeout: '100'

2018-11-05 15:45:21 - [MESSAGE][PASSED] - Tapped on element 'Object Repository/MainScreenEelements/ViewPlanogram'

2018-11-05 15:45:21 - [TEST_STEP][PASSED] - verifyElementText: Actual text and expected text of test object 'Object Repository/ViewPlanogram/Validate_PlanogramScreen' are matched.

2018-11-05 15:45:22 - [MESSAGE][PASSED] - Actual text and expected text of test object 'Object Repository/ViewPlanogram/Validate_PlanogramScreen' are matched.

2018-11-05 15:45:22 - [TEST_STEP][PASSED] - tap: Tapped on element 'Object Repository/ViewPlanogram/ViewPlanogram_BackButton'

2018-11-05 15:45:22 - [MESSAGE][WARNING] - Timeout '0' is invalid. Using default page load timeout: '100'

2018-11-05 15:45:25 - [MESSAGE][PASSED] - Tapped on element 'Object Repository/ViewPlanogram/ViewPlanogram_BackButton'

2018-11-05 15:45:25 - [TEST_STEP][PASSED] - verifyElementExist: Element 'Object Repository/MainScreenEelements/Validate_ApplicationMainScreen' is exist

2018-11-05 15:45:25 - [MESSAGE][WARNING] - Timeout '0' is invalid. Using default page load timeout: '100'

2018-11-05 15:45:25 - [MESSAGE][PASSED] - Element 'Object Repository/MainScreenEelements/Validate_ApplicationMainScreen' is exist]]></system-out>
         <system-err><![CDATA[]]></system-err>
      </testcase>
      <testcase name="Test Cases/CCSDE-Book/VisitCCSDE-Book" classname="Test Cases/CCSDE-Book/VisitCCSDE-Book" status="PASSED">
         <system-out><![CDATA[2018-11-05 15:45:25 - [TEST_CASE][PASSED] - Test Cases/CCSDE-Book/VisitCCSDE-Book: Test Cases/CCSDE-Book/VisitCCSDE-Book

2018-11-05 15:45:26 - [TEST_STEP][PASSED] - tap: Tapped on element 'Object Repository/MainScreenEelements/CCSDE-Book'

2018-11-05 15:45:26 - [MESSAGE][WARNING] - Timeout '0' is invalid. Using default page load timeout: '100'

2018-11-05 15:45:26 - [MESSAGE][PASSED] - Tapped on element 'Object Repository/MainScreenEelements/CCSDE-Book'

2018-11-05 15:45:26 - [TEST_STEP][PASSED] - verifyElementExist: Element 'Object Repository/CCSDE-Book/Validate_CCSDE_BookScreen' is exist

2018-11-05 15:45:26 - [MESSAGE][WARNING] - Timeout '0' is invalid. Using default page load timeout: '100'

2018-11-05 15:45:27 - [MESSAGE][PASSED] - Element 'Object Repository/CCSDE-Book/Validate_CCSDE_BookScreen' is exist

2018-11-05 15:45:27 - [TEST_STEP][PASSED] - tap: Tapped on element 'Object Repository/CCSDE-Book/PosRanking/POSRanking'

2018-11-05 15:45:27 - [MESSAGE][WARNING] - Timeout '0' is invalid. Using default page load timeout: '100'

2018-11-05 15:45:28 - [MESSAGE][PASSED] - Tapped on element 'Object Repository/CCSDE-Book/PosRanking/POSRanking'

2018-11-05 15:45:28 - [TEST_STEP][PASSED] - verifyElementText: Actual text and expected text of test object 'Object Repository/CCSDE-Book/PosRanking/Validate_ProgramsScreen' are matched.

2018-11-05 15:45:29 - [MESSAGE][PASSED] - Actual text and expected text of test object 'Object Repository/CCSDE-Book/PosRanking/Validate_ProgramsScreen' are matched.

2018-11-05 15:45:29 - [TEST_STEP][PASSED] - com.ct.qa.keywords.CCSDEBookKeywords.visitProgramsForPosRanking: com.ct.qa.keywords.CCSDEBookKeywords.visitProgramsForPosRanking is PASSED

2018-11-05 15:45:30 - [MESSAGE][WARNING] - Timeout '0' is invalid. Using default page load timeout: '100'

2018-11-05 15:45:35 - [MESSAGE][PASSED] - Element 'Object Repository/CCSDE-Book/PosRanking/Validate_ZonalRankingScreen' is present

2018-11-05 15:45:36 - [MESSAGE][PASSED] - Actual text and expected text of test object 'Object Repository/CCSDE-Book/PosRanking/Validate_ZonalRankingScreen' are matched.

2018-11-05 15:45:37 - [MESSAGE][PASSED] - Actual text and expected text of test object 'Object Repository/CCSDE-Book/PosRanking/Validate_RegionalScreen' are matched.

2018-11-05 15:45:38 - [MESSAGE][WARNING] - Timeout '0' is invalid. Using default page load timeout: '100'

2018-11-05 15:45:43 - [MESSAGE][PASSED] - Element 'Object Repository/CCSDE-Book/PosRanking/Validate_ASMRankingScreen' is present

2018-11-05 15:45:44 - [MESSAGE][PASSED] - Actual text and expected text of test object 'Object Repository/CCSDE-Book/PosRanking/Validate_ASMRankingScreen' are matched.

2018-11-05 15:45:44 - [MESSAGE][WARNING] - Timeout '0' is invalid. Using default page load timeout: '100'

2018-11-05 15:45:47 - [MESSAGE][PASSED] - Element 'Object Repository/CCSDE-Book/PosRanking/Validate_DistributionScreen' is present

2018-11-05 15:45:47 - [MESSAGE][WARNING] - Timeout '0' is invalid. Using default page load timeout: '100'

2018-11-05 15:45:47 - [MESSAGE][PASSED] - Tapped on element 'Object Repository/CCSDE-Book/PosRanking/Distribution_BackButton'

2018-11-05 15:45:48 - [MESSAGE][PASSED] - Actual text and expected text of test object 'Object Repository/CCSDE-Book/PosRanking/Validate_ASMRankingScreen' are matched.

2018-11-05 15:45:48 - [MESSAGE][WARNING] - Timeout '0' is invalid. Using default page load timeout: '100'

2018-11-05 15:45:48 - [MESSAGE][PASSED] - Tapped on element 'Object Repository/CCSDE-Book/PosRanking/AsmRanking_BackButton'

2018-11-05 15:45:49 - [MESSAGE][PASSED] - Actual text and expected text of test object 'Object Repository/CCSDE-Book/PosRanking/Validate_RegionalScreen' are matched.

2018-11-05 15:45:49 - [MESSAGE][WARNING] - Timeout '0' is invalid. Using default page load timeout: '100'

2018-11-05 15:45:50 - [MESSAGE][PASSED] - Tapped on element 'Object Repository/CCSDE-Book/PosRanking/Regional_BackButton'

2018-11-05 15:45:50 - [MESSAGE][PASSED] - Actual text and expected text of test object 'Object Repository/CCSDE-Book/PosRanking/Validate_ZonalRankingScreen' are matched.

2018-11-05 15:45:51 - [MESSAGE][PASSED] - Actual text and expected text of test object 'Object Repository/CCSDE-Book/PosRanking/Validate_RegionalScreen' are matched.

2018-11-05 15:45:52 - [MESSAGE][WARNING] - Timeout '0' is invalid. Using default page load timeout: '100'

2018-11-05 15:45:57 - [MESSAGE][PASSED] - Element 'Object Repository/CCSDE-Book/PosRanking/Validate_ASMRankingScreen' is present

2018-11-05 15:45:58 - [MESSAGE][PASSED] - Actual text and expected text of test object 'Object Repository/CCSDE-Book/PosRanking/Validate_ASMRankingScreen' are matched.

2018-11-05 15:45:58 - [MESSAGE][WARNING] - Timeout '0' is invalid. Using default page load timeout: '100'

2018-11-05 15:46:01 - [MESSAGE][PASSED] - Element 'Object Repository/CCSDE-Book/PosRanking/Validate_DistributionScreen' is present

2018-11-05 15:46:01 - [MESSAGE][WARNING] - Timeout '0' is invalid. Using default page load timeout: '100'

2018-11-05 15:46:02 - [MESSAGE][PASSED] - Tapped on element 'Object Repository/CCSDE-Book/PosRanking/Distribution_BackButton'

2018-11-05 15:46:02 - [MESSAGE][PASSED] - Actual text and expected text of test object 'Object Repository/CCSDE-Book/PosRanking/Validate_ASMRankingScreen' are matched.

2018-11-05 15:46:02 - [MESSAGE][WARNING] - Timeout '0' is invalid. Using default page load timeout: '100'

2018-11-05 15:46:03 - [MESSAGE][PASSED] - Tapped on element 'Object Repository/CCSDE-Book/PosRanking/AsmRanking_BackButton'

2018-11-05 15:46:03 - [MESSAGE][PASSED] - Actual text and expected text of test object 'Object Repository/CCSDE-Book/PosRanking/Validate_RegionalScreen' are matched.

2018-11-05 15:46:03 - [MESSAGE][WARNING] - Timeout '0' is invalid. Using default page load timeout: '100'

2018-11-05 15:46:04 - [MESSAGE][PASSED] - Tapped on element 'Object Repository/CCSDE-Book/PosRanking/Regional_BackButton'

2018-11-05 15:46:04 - [MESSAGE][PASSED] - Actual text and expected text of test object 'Object Repository/CCSDE-Book/PosRanking/Validate_ZonalRankingScreen' are matched.

2018-11-05 15:46:06 - [MESSAGE][PASSED] - Actual text and expected text of test object 'Object Repository/CCSDE-Book/PosRanking/Validate_RegionalScreen' are matched.

2018-11-05 15:46:06 - [MESSAGE][WARNING] - Timeout '0' is invalid. Using default page load timeout: '100'

2018-11-05 15:46:12 - [MESSAGE][PASSED] - Element 'Object Repository/CCSDE-Book/PosRanking/Validate_ASMRankingScreen' is present

2018-11-05 15:46:12 - [MESSAGE][PASSED] - Actual text and expected text of test object 'Object Repository/CCSDE-Book/PosRanking/Validate_ASMRankingScreen' are matched.

2018-11-05 15:46:13 - [MESSAGE][WARNING] - Timeout '0' is invalid. Using default page load timeout: '100'

2018-11-05 15:46:14 - [MESSAGE][PASSED] - Element 'Object Repository/CCSDE-Book/PosRanking/Validate_DistributionScreen' is present

2018-11-05 15:46:14 - [MESSAGE][WARNING] - Timeout '0' is invalid. Using default page load timeout: '100'

[...]

2018-11-05 15:47:23 - [MESSAGE][PASSED] - Actual text and expected text of test object 'Object Repository/CCSDE-Book/PosRanking/Validate_RegionalScreen' are matched.

2018-11-05 15:47:23 - [MESSAGE][WARNING] - Timeout '0' is invalid. Using default page load timeout: '100'

2018-11-05 15:47:24 - [MESSAGE][PASSED] - Tapped on element 'Object Repository/CCSDE-Book/PosRanking/Regional_BackButton'

2018-11-05 15:47:24 - [MESSAGE][PASSED] - Actual text and expected text of test object 'Object Repository/CCSDE-Book/PosRanking/Validate_ZonalRankingScreen' are matched.

2018-11-05 15:47:25 - [MESSAGE][PASSED] - Actual text and expected text of test object 'Object Repository/CCSDE-Book/PosRanking/Validate_RegionalScreen' are matched.

2018-11-05 15:47:26 - [MESSAGE][WARNING] - Timeout '0' is invalid. Using default page load timeout: '100'

2018-11-05 15:47:31 - [MESSAGE][PASSED] - Element 'Object Repository/CCSDE-Book/PosRanking/Validate_ASMRankingScreen' is present

2018-11-05 15:47:31 - [MESSAGE][PASSED] - Actual text and expected text of test object 'Object Repository/CCSDE-Book/PosRanking/Validate_ASMRankingScreen' are matched.

2018-11-05 15:47:32 - [MESSAGE][WARNING] - Timeout '0' is invalid. Using default page load timeout: '100'

2018-11-05 15:47:33 - [MESSAGE][PASSED] - Element 'Object Repository/CCSDE-Book/PosRanking/Validate_DistributionScreen' is present

2018-11-05 15:47:33 - [MESSAGE][WARNING] - Timeout '0' is invalid. Using default page load timeout: '100'

2018-11-05 15:47:34 - [MESSAGE][PASSED] - Tapped on element 'Object Repository/CCSDE-Book/PosRanking/Distribution_BackButton'

2018-11-05 15:47:34 - [MESSAGE][PASSED] - Actual text and expected text of test object 'Object Repository/CCSDE-Book/PosRanking/Validate_ASMRankingScreen' are matched.

2018-11-05 15:47:34 - [MESSAGE][WARNING] - Timeout '0' is invalid. Using default page load timeout: '100'

2018-11-05 15:47:35 - [MESSAGE][PASSED] - Tapped on element 'Object Repository/CCSDE-Book/PosRanking/AsmRanking_BackButton'

2018-11-05 15:47:35 - [MESSAGE][PASSED] - Actual text and expected text of test object 'Object Repository/CCSDE-Book/PosRanking/Validate_RegionalScreen' are matched.

2018-11-05 15:47:35 - [MESSAGE][WARNING] - Timeout '0' is invalid. Using default page load timeout: '100'

2018-11-05 15:47:36 - [MESSAGE][PASSED] - Tapped on element 'Object Repository/CCSDE-Book/PosRanking/Regional_BackButton'

2018-11-05 15:47:36 - [MESSAGE][PASSED] - Actual text and expected text of test object 'Object Repository/CCSDE-Book/PosRanking/Validate_ZonalRankingScreen' are matched.

2018-11-05 15:47:38 - [MESSAGE][PASSED] - Actual text and expected text of test object 'Object Repository/CCSDE-Book/PosRanking/Validate_RegionalScreen' are matched.

2018-11-05 15:47:38 - [MESSAGE][WARNING] - Timeout '0' is invalid. Using default page load timeout: '100'

2018-11-05 15:47:43 - [MESSAGE][PASSED] - Element 'Object Repository/CCSDE-Book/PosRanking/Validate_ASMRankingScreen' is present

2018-11-05 15:47:43 - [MESSAGE][PASSED] - Actual text and expected text of test object 'Object Repository/CCSDE-Book/PosRanking/Validate_ASMRankingScreen' are matched.

2018-11-05 15:47:44 - [MESSAGE][WARNING] - Timeout '0' is invalid. Using default page load timeout: '100'

2018-11-05 15:47:45 - [MESSAGE][PASSED] - Element 'Object Repository/CCSDE-Book/PosRanking/Validate_DistributionScreen' is present

2018-11-05 15:47:45 - [MESSAGE][WARNING] - Timeout '0' is invalid. Using default page load timeout: '100'

2018-11-05 15:47:46 - [MESSAGE][PASSED] - Tapped on element 'Object Repository/CCSDE-Book/PosRanking/Distribution_BackButton'

2018-11-05 15:47:47 - [MESSAGE][PASSED] - Actual text and expected text of test object 'Object Repository/CCSDE-Book/PosRanking/Validate_ASMRankingScreen' are matched.

2018-11-05 15:47:47 - [MESSAGE][WARNING] - Timeout '0' is invalid. Using default page load timeout: '100'

2018-11-05 15:47:47 - [MESSAGE][PASSED] - Tapped on element 'Object Repository/CCSDE-Book/PosRanking/AsmRanking_BackButton'

2018-11-05 15:47:48 - [MESSAGE][PASSED] - Actual text and expected text of test object 'Object Repository/CCSDE-Book/PosRanking/Validate_RegionalScreen' are matched.

2018-11-05 15:47:48 - [MESSAGE][WARNING] - Timeout '0' is invalid. Using default page load timeout: '100'

2018-11-05 15:47:48 - [MESSAGE][PASSED] - Tapped on element 'Object Repository/CCSDE-Book/PosRanking/Regional_BackButton'

2018-11-05 15:47:49 - [MESSAGE][PASSED] - Actual text and expected text of test object 'Object Repository/CCSDE-Book/PosRanking/Validate_ZonalRankingScreen' are matched.

2018-11-05 15:47:49 - [MESSAGE][WARNING] - Timeout '0' is invalid. Using default page load timeout: '100'

2018-11-05 15:47:49 - [MESSAGE][PASSED] - Tapped on element 'Object Repository/CCSDE-Book/PosRanking/ZonalRanking_BackButton'

2018-11-05 15:47:50 - [MESSAGE][PASSED] - Actual text and expected text of test object 'Object Repository/CCSDE-Book/PosRanking/Validate_ProgramsScreen' are matched.

2018-11-05 15:47:50 - [MESSAGE][PASSED] - com.ct.qa.keywords.CCSDEBookKeywords.visitProgramsForPosRanking is PASSED

2018-11-05 15:47:50 - [TEST_STEP][PASSED] - tap: Tapped on element 'Object Repository/CCSDE-Book/PosRanking/Programs_BackButton'

2018-11-05 15:47:50 - [MESSAGE][WARNING] - Timeout '0' is invalid. Using default page load timeout: '100'

2018-11-05 15:47:53 - [MESSAGE][PASSED] - Tapped on element 'Object Repository/CCSDE-Book/PosRanking/Programs_BackButton'

2018-11-05 15:47:53 - [TEST_STEP][PASSED] - verifyElementExist: Element 'Object Repository/CCSDE-Book/Validate_CCSDE_BookScreen' is exist

2018-11-05 15:47:53 - [MESSAGE][WARNING] - Timeout '0' is invalid. Using default page load timeout: '100'

2018-11-05 15:47:53 - [MESSAGE][PASSED] - Element 'Object Repository/CCSDE-Book/Validate_CCSDE_BookScreen' is exist

2018-11-05 15:47:53 - [TEST_STEP][PASSED] - tap: Tapped on element 'Object Repository/CCSDE-Book/PriceList/PriceList'

2018-11-05 15:47:53 - [MESSAGE][WARNING] - Timeout '0' is invalid. Using default page load timeout: '100'

2018-11-05 15:47:54 - [MESSAGE][PASSED] - Tapped on element 'Object Repository/CCSDE-Book/PriceList/PriceList'

2018-11-05 15:47:54 - [TEST_STEP][PASSED] - verifyElementText: Actual text and expected text of test object 'Object Repository/CCSDE-Book/PriceList/Validate_PriceListOptionsScreen' are matched.

2018-11-05 15:47:54 - [MESSAGE][PASSED] - Actual text and expected text of test object 'Object Repository/CCSDE-Book/PriceList/Validate_PriceListOptionsScreen' are matched.

2018-11-05 15:47:54 - [TEST_STEP][PASSED] - tap: Tapped on element 'Object Repository/CCSDE-Book/PriceList/TradePrice'

2018-11-05 15:47:54 - [MESSAGE][WARNING] - Timeout '0' is invalid. Using default page load timeout: '100'

2018-11-05 15:47:55 - [MESSAGE][PASSED] - Tapped on element 'Object Repository/CCSDE-Book/PriceList/TradePrice'

2018-11-05 15:47:55 - [TEST_STEP][PASSED] - waitForElementPresent: Element 'Object Repository/CCSDE-Book/PriceList/Validate_PriceListDetailScreen' is present

2018-11-05 15:47:55 - [MESSAGE][WARNING] - Timeout '0' is invalid. Using default page load timeout: '100'

2018-11-05 15:48:09 - [MESSAGE][PASSED] - Element 'Object Repository/CCSDE-Book/PriceList/Validate_PriceListDetailScreen' is present

2018-11-05 15:48:09 - [TEST_STEP][PASSED] - verifyElementText: Actual text and expected text of test object 'Object Repository/CCSDE-Book/PriceList/Validate_PriceListDetailScreen' are matched.

2018-11-05 15:48:09 - [MESSAGE][PASSED] - Actual text and expected text of test object 'Object Repository/CCSDE-Book/PriceList/Validate_PriceListDetailScreen' are matched.

2018-11-05 15:48:09 - [TEST_STEP][PASSED] - tap: Tapped on element 'Object Repository/CCSDE-Book/PriceList/PriceListDetailScreen_BackButton'

2018-11-05 15:48:09 - [MESSAGE][WARNING] - Timeout '0' is invalid. Using default page load timeout: '100'

2018-11-05 15:48:10 - [MESSAGE][PASSED] - Tapped on element 'Object Repository/CCSDE-Book/PriceList/PriceListDetailScreen_BackButton'

2018-11-05 15:48:10 - [TEST_STEP][PASSED] - verifyElementText: Actual text and expected text of test object 'Object Repository/CCSDE-Book/PriceList/Validate_PriceListOptionsScreen' are matched.

2018-11-05 15:48:10 - [MESSAGE][PASSED] - Actual text and expected text of test object 'Object Repository/CCSDE-Book/PriceList/Validate_PriceListOptionsScreen' are matched.

2018-11-05 15:48:10 - [TEST_STEP][PASSED] - tap: Tapped on element 'Object Repository/CCSDE-Book/PriceList/RetailPrice'

2018-11-05 15:48:10 - [MESSAGE][WARNING] - Timeout '0' is invalid. Using default page load timeout: '100'

2018-11-05 15:48:11 - [MESSAGE][PASSED] - Tapped on element 'Object Repository/CCSDE-Book/PriceList/RetailPrice'

2018-11-05 15:48:11 - [TEST_STEP][PASSED] - waitForElementPresent: Element 'Object Repository/CCSDE-Book/PriceList/Validate_PriceListDetailScreen' is present

2018-11-05 15:48:11 - [MESSAGE][WARNING] - Timeout '0' is invalid. Using default page load timeout: '100'

2018-11-05 15:48:24 - [MESSAGE][PASSED] - Element 'Object Repository/CCSDE-Book/PriceList/Validate_PriceListDetailScreen' is present

2018-11-05 15:48:24 - [TEST_STEP][PASSED] - verifyElementText: Actual text and expected text of test object 'Object Repository/CCSDE-Book/PriceList/Validate_PriceListDetailScreen' are matched.

2018-11-05 15:48:24 - [MESSAGE][PASSED] - Actual text and expected text of test object 'Object Repository/CCSDE-Book/PriceList/Validate_PriceListDetailScreen' are matched.

2018-11-05 15:48:24 - [TEST_STEP][PASSED] - tap: Tapped on element 'Object Repository/CCSDE-Book/PriceList/PriceListDetailScreen_BackButton'

2018-11-05 15:48:24 - [MESSAGE][WARNING] - Timeout '0' is invalid. Using default page load timeout: '100'

2018-11-05 15:48:24 - [MESSAGE][PASSED] - Tapped on element 'Object Repository/CCSDE-Book/PriceList/PriceListDetailScreen_BackButton'

2018-11-05 15:48:24 - [TEST_STEP][PASSED] - verifyElementText: Actual text and expected text of test object 'Object Repository/CCSDE-Book/PriceList/Validate_PriceListOptionsScreen' are matched.

2018-11-05 15:48:25 - [MESSAGE][PASSED] - Actual text and expected text of test object 'Object Repository/CCSDE-Book/PriceList/Validate_PriceListOptionsScreen' are matched.

2018-11-05 15:48:25 - [TEST_STEP][PASSED] - tap: Tapped on element 'Object Repository/CCSDE-Book/PriceList/PriceListOptions_BackButton'

2018-11-05 15:48:25 - [MESSAGE][WARNING] - Timeout '0' is invalid. Using default page load timeout: '100'

2018-11-05 15:48:28 - [MESSAGE][PASSED] - Tapped on element 'Object Repository/CCSDE-Book/PriceList/PriceListOptions_BackButton'

2018-11-05 15:48:28 - [TEST_STEP][PASSED] - verifyElementExist: Element 'Object Repository/CCSDE-Book/Validate_CCSDE_BookScreen' is exist

2018-11-05 15:48:28 - [MESSAGE][WARNING] - Timeout '0' is invalid. Using default page load timeout: '100'

2018-11-05 15:48:28 - [MESSAGE][PASSED] - Element 'Object Repository/CCSDE-Book/Validate_CCSDE_BookScreen' is exist

2018-11-05 15:48:28 - [TEST_STEP][PASSED] - tap: Tapped on element 'Object Repository/CCSDE-Book/CycleActivities/CycleActivities'

2018-11-05 15:48:28 - [MESSAGE][WARNING] - Timeout '0' is invalid. Using default page load timeout: '100'

2018-11-05 15:48:29 - [MESSAGE][PASSED] - Tapped on element 'Object Repository/CCSDE-Book/CycleActivities/CycleActivities'

2018-11-05 15:48:29 - [TEST_STEP][PASSED] - verifyElementText: Actual text and expected text of test object 'Object Repository/CCSDE-Book/CycleActivities/Validate_CycleActivitiesScreen' are matched.

2018-11-05 15:48:30 - [MESSAGE][PASSED] - Actual text and expected text of test object 'Object Repository/CCSDE-Book/CycleActivities/Validate_CycleActivitiesScreen' are matched.

2018-11-05 15:48:30 - [TEST_STEP][PASSED] - tap: Tapped on element 'Object Repository/CCSDE-Book/CycleActivities/CycleActivities_BackButton'

2018-11-05 15:48:30 - [MESSAGE][WARNING] - Timeout '0' is invalid. Using default page load timeout: '100'

2018-11-05 15:48:34 - [MESSAGE][PASSED] - Tapped on element 'Object Repository/CCSDE-Book/CycleActivities/CycleActivities_BackButton'

2018-11-05 15:48:34 - [TEST_STEP][PASSED] - verifyElementExist: Element 'Object Repository/CCSDE-Book/Validate_CCSDE_BookScreen' is exist

2018-11-05 15:48:34 - [MESSAGE][WARNING] - Timeout '0' is invalid. Using default page load timeout: '100'

2018-11-05 15:48:34 - [MESSAGE][PASSED] - Element 'Object Repository/CCSDE-Book/Validate_CCSDE_BookScreen' is exist

2018-11-05 15:48:34 - [TEST_STEP][PASSED] - tap: Tapped on element 'Object Repository/CCSDE-Book/ViewTVC/ViewTVC'

2018-11-05 15:48:34 - [MESSAGE][WARNING] - Timeout '0' is invalid. Using default page load timeout: '100'

2018-11-05 15:48:34 - [MESSAGE][PASSED] - Tapped on element 'Object Repository/CCSDE-Book/ViewTVC/ViewTVC'

2018-11-05 15:48:34 - [TEST_STEP][PASSED] - verifyElementExist: Element 'Object Repository/CCSDE-Book/ViewTVC/Validate_TVCListScreen' is exist

2018-11-05 15:48:34 - [MESSAGE][WARNING] - Timeout '0' is invalid. Using default page load timeout: '100'

2018-11-05 15:48:35 - [MESSAGE][PASSED] - Element 'Object Repository/CCSDE-Book/ViewTVC/Validate_TVCListScreen' is exist

2018-11-05 15:48:35 - [TEST_STEP][PASSED] - tap: Tapped on element 'Object Repository/CCSDE-Book/ViewTVC/TVC'

2018-11-05 15:48:35 - [MESSAGE][WARNING] - Timeout '0' is invalid. Using default page load timeout: '100'

2018-11-05 15:48:36 - [MESSAGE][PASSED] - Tapped on element 'Object Repository/CCSDE-Book/ViewTVC/TVC'

2018-11-05 15:48:36 - [TEST_STEP][PASSED] - delay: Delayed 5 second(s)

2018-11-05 15:48:41 - [MESSAGE][PASSED] - Delayed 5 second(s)

2018-11-05 15:48:41 - [TEST_STEP][PASSED] - pressBack: Press back button successfully

2018-11-05 15:48:41 - [MESSAGE][PASSED] - Press back button successfully

2018-11-05 15:48:41 - [TEST_STEP][PASSED] - verifyElementExist: Element 'Object Repository/CCSDE-Book/ViewTVC/Validate_TVCListScreen' is exist

2018-11-05 15:48:41 - [MESSAGE][WARNING] - Timeout '0' is invalid. Using default page load timeout: '100'

2018-11-05 15:48:42 - [MESSAGE][PASSED] - Element 'Object Repository/CCSDE-Book/ViewTVC/Validate_TVCListScreen' is exist

2018-11-05 15:48:42 - [TEST_STEP][PASSED] - tap: Tapped on element 'Object Repository/CCSDE-Book/ViewTVC/TVC_BackButton'

2018-11-05 15:48:42 - [MESSAGE][WARNING] - Timeout '0' is invalid. Using default page load timeout: '100'

2018-11-05 15:48:45 - [MESSAGE][PASSED] - Tapped on element 'Object Repository/CCSDE-Book/ViewTVC/TVC_BackButton'

2018-11-05 15:48:45 - [TEST_STEP][PASSED] - verifyElementExist: Element 'Object Repository/CCSDE-Book/Validate_CCSDE_BookScreen' is exist

2018-11-05 15:48:45 - [MESSAGE][WARNING] - Timeout '0' is invalid. Using default page load timeout: '100'

2018-11-05 15:48:45 - [MESSAGE][PASSED] - Element 'Object Repository/CCSDE-Book/Validate_CCSDE_BookScreen' is exist

2018-11-05 15:48:45 - [TEST_STEP][PASSED] - pressBack: Press back button successfully

2018-11-05 15:48:45 - [MESSAGE][PASSED] - Press back button successfully

2018-11-05 15:48:45 - [TEST_STEP][PASSED] - verifyElementExist: Element 'Object Repository/MainScreenEelements/Validate_ApplicationMainScreen' is exist

2018-11-05 15:48:45 - [MESSAGE][WARNING] - Timeout '0' is invalid. Using default page load timeout: '100'

2018-11-05 15:48:46 - [MESSAGE][PASSED] - Element 'Object Repository/MainScreenEelements/Validate_ApplicationMainScreen' is exist]]></system-out>
         <system-err><![CDATA[]]></system-err>
      </testcase>
      <testcase name="Test Cases/LiveFeedBack/VisitLiveFeedBack" classname="Test Cases/LiveFeedBack/VisitLiveFeedBack" status="PASSED">
         <system-out><![CDATA[2018-11-05 15:48:46 - [TEST_CASE][PASSED] - Test Cases/LiveFeedBack/VisitLiveFeedBack: Test Cases/LiveFeedBack/VisitLiveFeedBack

2018-11-05 15:48:46 - [TEST_STEP][PASSED] - tap: Tapped on element 'Object Repository/MainScreenEelements/LiveFeedBack'

2018-11-05 15:48:46 - [MESSAGE][WARNING] - Timeout '0' is invalid. Using default page load timeout: '100'

2018-11-05 15:48:47 - [MESSAGE][PASSED] - Tapped on element 'Object Repository/MainScreenEelements/LiveFeedBack'

2018-11-05 15:48:47 - [TEST_STEP][PASSED] - verifyElementText: Actual text and expected text of test object 'Object Repository/LiveFeedBack/Validate_LiveFeedbackScreen' are matched.

2018-11-05 15:48:48 - [MESSAGE][PASSED] - Actual text and expected text of test object 'Object Repository/LiveFeedBack/Validate_LiveFeedbackScreen' are matched.

2018-11-05 15:48:48 - [TEST_STEP][PASSED] - verifyElementExist: Element 'Object Repository/LiveFeedBack/Validate_EditTextField' is exist

2018-11-05 15:48:48 - [MESSAGE][WARNING] - Timeout '0' is invalid. Using default page load timeout: '100'

2018-11-05 15:48:48 - [MESSAGE][PASSED] - Element 'Object Repository/LiveFeedBack/Validate_EditTextField' is exist

2018-11-05 15:48:48 - [TEST_STEP][PASSED] - verifyElementExist: Element 'Object Repository/LiveFeedBack/ValidateSubmitButton' is exist

2018-11-05 15:48:48 - [MESSAGE][WARNING] - Timeout '0' is invalid. Using default page load timeout: '100'

2018-11-05 15:48:48 - [MESSAGE][PASSED] - Element 'Object Repository/LiveFeedBack/ValidateSubmitButton' is exist

2018-11-05 15:48:48 - [TEST_STEP][PASSED] - tap: Tapped on element 'Object Repository/LiveFeedBack/LiveFeedback_BackButton'

2018-11-05 15:48:48 - [MESSAGE][WARNING] - Timeout '0' is invalid. Using default page load timeout: '100'

2018-11-05 15:48:51 - [MESSAGE][PASSED] - Tapped on element 'Object Repository/LiveFeedBack/LiveFeedback_BackButton'

2018-11-05 15:48:51 - [TEST_STEP][PASSED] - verifyElementExist: Element 'Object Repository/MainScreenEelements/Validate_ApplicationMainScreen' is exist

2018-11-05 15:48:51 - [MESSAGE][WARNING] - Timeout '0' is invalid. Using default page load timeout: '100'

2018-11-05 15:48:51 - [MESSAGE][PASSED] - Element 'Object Repository/MainScreenEelements/Validate_ApplicationMainScreen' is exist]]></system-out>
         <system-err><![CDATA[]]></system-err>
      </testcase>
      <testcase name="Test Cases/LiveUpdate/LiveUpdate" classname="Test Cases/LiveUpdate/LiveUpdate" status="PASSED">
         <system-out><![CDATA[2018-11-05 15:48:51 - [TEST_CASE][PASSED] - Test Cases/LiveUpdate/LiveUpdate: Test Cases/LiveUpdate/LiveUpdate

2018-11-05 15:48:52 - [TEST_STEP][PASSED] - tap: Tapped on element 'Object Repository/MainScreenEelements/LiveUpdate'

2018-11-05 15:48:52 - [MESSAGE][WARNING] - Timeout '0' is invalid. Using default page load timeout: '100'

2018-11-05 15:48:52 - [MESSAGE][PASSED] - Tapped on element 'Object Repository/MainScreenEelements/LiveUpdate'

2018-11-05 15:48:52 - [TEST_STEP][PASSED] - verifyElementText: Actual text and expected text of test object 'Object Repository/LiveUpdate/Validate_LiveFeedBackScreen' are matched.

2018-11-05 15:48:54 - [MESSAGE][PASSED] - Actual text and expected text of test object 'Object Repository/LiveUpdate/Validate_LiveFeedBackScreen' are matched.

2018-11-05 15:48:54 - [TEST_STEP][PASSED] - tap: Tapped on element 'Object Repository/LiveUpdate/BackButton'

2018-11-05 15:48:54 - [MESSAGE][WARNING] - Timeout '0' is invalid. Using default page load timeout: '100'

2018-11-05 15:48:57 - [MESSAGE][PASSED] - Tapped on element 'Object Repository/LiveUpdate/BackButton'

2018-11-05 15:48:57 - [TEST_STEP][PASSED] - verifyElementExist: Element 'Object Repository/MainScreenEelements/Validate_ApplicationMainScreen' is exist

2018-11-05 15:48:57 - [MESSAGE][WARNING] - Timeout '0' is invalid. Using default page load timeout: '100'

2018-11-05 15:48:57 - [MESSAGE][PASSED] - Element 'Object Repository/MainScreenEelements/Validate_ApplicationMainScreen' is exist]]></system-out>
         <system-err><![CDATA[]]></system-err>
      </testcase>
      <system-out><![CDATA[2018-11-05 15:37:19 - [TEST_SUITE][PASSED] - Ice Training App: Test Cases/LiveUpdate/LiveUpdate]]></system-out>
      <system-err><![CDATA[]]></system-err>
   </testsuite>
</testsuites>
